#
# There is insufficient memory for the Java Runtime Environment to continue.
# Native memory allocation (malloc) failed to allocate 535376 bytes for Chunk::new
# Possible reasons:
#   The system is out of physical RAM or swap space
#   The process is running with CompressedOops enabled, and the Java Heap may be blocking the growth of the native heap
# Possible solutions:
#   Reduce memory load on the system
#   Increase physical memory or swap space
#   Check if swap backing store is full
#   Decrease Java heap size (-Xmx/-Xms)
#   Decrease number of Java threads
#   Decrease Java thread stack sizes (-Xss)
#   Set larger code cache with -XX:ReservedCodeCacheSize=
#   JVM is running with Zero Based Compressed Oops mode in which the Java heap is
#     placed in the first 32GB address space. The Java Heap base address is the
#     maximum limit for the native heap growth. Please use -XX:HeapBaseMinAddress
#     to set the Java Heap base and to place the Java Heap above 32GB virtual address.
# This output file may be truncated or incomplete.
#
#  Out of Memory Error (allocation.cpp:389), pid=17128, tid=0x0000000000005d5c
#
# JRE version: OpenJDK Runtime Environment (8.0_362-b09) (build 1.8.0_362-b09)
# Java VM: OpenJDK 64-Bit Server VM (25.362-b09 mixed mode windows-amd64 compressed oops)
# Failed to write core dump. Minidumps are not enabled by default on client versions of Windows
#

---------------  T H R E A D  ---------------

Current thread (0x000001cf10c15800):  JavaThread "C2 CompilerThread7" daemon [_thread_in_native, id=23900, stack(0x0000007989100000,0x0000007989200000)]

Stack: [0x0000007989100000,0x0000007989200000]
[error occurred during error reporting (printing stack bounds), id 0xc0000005]

Native frames: (J=compiled Java code, j=interpreted, Vv=VM code, C=native code)


Current CompileTask:
C2:   1155 1588   !   4       java.net.URL::<init> (543 bytes)


---------------  P R O C E S S  ---------------

Java Threads: ( => current thread )
  0x000001cf10cc0800 JavaThread "Service Thread" daemon [_thread_blocked, id=21292, stack(0x0000007989600000,0x0000007989700000)]
  0x000001cf10c53000 JavaThread "C1 CompilerThread11" daemon [_thread_in_native, id=2912, stack(0x0000007989500000,0x0000007989600000)]
  0x000001cf10c51800 JavaThread "C1 CompilerThread10" daemon [_thread_in_native, id=9324, stack(0x0000007989400000,0x0000007989500000)]
  0x000001cf10c37000 JavaThread "C1 CompilerThread9" daemon [_thread_in_native, id=17544, stack(0x0000007989300000,0x0000007989400000)]
  0x000001cf10c2a800 JavaThread "C1 CompilerThread8" daemon [_thread_in_native, id=24824, stack(0x0000007989200000,0x0000007989300000)]
=>0x000001cf10c15800 JavaThread "C2 CompilerThread7" daemon [_thread_in_native, id=23900, stack(0x0000007989100000,0x0000007989200000)]
  0x000001cf10be2800 JavaThread "C2 CompilerThread6" daemon [_thread_blocked, id=8884, stack(0x0000007989000000,0x0000007989100000)]
  0x000001cf10bdf000 JavaThread "C2 CompilerThread5" daemon [_thread_blocked, id=18944, stack(0x0000007988f00000,0x0000007989000000)]
  0x000001cf10bd8800 JavaThread "C2 CompilerThread4" daemon [_thread_blocked, id=20744, stack(0x0000007988e00000,0x0000007988f00000)]
  0x000001cf10bd1000 JavaThread "C2 CompilerThread3" daemon [_thread_blocked, id=23700, stack(0x0000007988d00000,0x0000007988e00000)]
  0x000001cf10bca800 JavaThread "C2 CompilerThread2" daemon [_thread_blocked, id=4212, stack(0x0000007988c00000,0x0000007988d00000)]
  0x000001cf10bca000 JavaThread "C2 CompilerThread1" daemon [_thread_blocked, id=7904, stack(0x0000007988b00000,0x0000007988c00000)]
  0x000001cf10bc7000 JavaThread "C2 CompilerThread0" daemon [_thread_blocked, id=16960, stack(0x0000007988a00000,0x0000007988b00000)]
  0x000001cf10bc5000 JavaThread "Monitor Ctrl-Break" daemon [_thread_in_native, id=22580, stack(0x0000007988900000,0x0000007988a00000)]
  0x000001cf10b3e000 JavaThread "Attach Listener" daemon [_thread_blocked, id=24384, stack(0x0000007988800000,0x0000007988900000)]
  0x000001cf10b3b000 JavaThread "Signal Dispatcher" daemon [_thread_blocked, id=25320, stack(0x0000007988700000,0x0000007988800000)]
  0x000001cf10b20800 JavaThread "Finalizer" daemon [_thread_blocked, id=25040, stack(0x0000007988600000,0x0000007988700000)]
  0x000001cf7fe1a000 JavaThread "Reference Handler" daemon [_thread_blocked, id=25492, stack(0x0000007988500000,0x0000007988600000)]
  0x000001cf6bf2a000 JavaThread "main" [_thread_in_Java, id=18948, stack(0x0000007987600000,0x0000007987700000)]

Other Threads:
  0x000001cf7fe11000 VMThread [stack: 0x0000007988400000,0x0000007988500000] [id=5780]
  0x000001cf10cc1800 WatcherThread [stack: 0x0000007989700000,0x0000007989800000] [id=25172]

VM state:not at safepoint (normal execution)

VM Mutex/Monitor currently owned by a thread: None

heap address: 0x0000000601a00000, size: 7142 MB, Compressed Oops mode: Zero based, Oop shift amount: 3
Narrow klass base: 0x0000000000000000, Narrow klass shift: 3
Compressed class space size: 1073741824 Address: 0x00000007c0000000

Heap:
 PSYoungGen      total 133632K, used 100983K [0x000000072b380000, 0x0000000734880000, 0x00000007c0000000)
  eden space 114688K, 88% used [0x000000072b380000,0x000000073161dd38,0x0000000732380000)
  from space 18944K, 0% used [0x0000000733600000,0x0000000733600000,0x0000000734880000)
  to   space 18944K, 0% used [0x0000000732380000,0x0000000732380000,0x0000000733600000)
 ParOldGen       total 306176K, used 0K [0x0000000601a00000, 0x0000000614500000, 0x000000072b380000)
  object space 306176K, 0% used [0x0000000601a00000,0x0000000601a00000,0x0000000614500000)
 Metaspace       used 13871K, capacity 14052K, committed 14464K, reserved 1062912K
  class space    used 1715K, capacity 1801K, committed 1920K, reserved 1048576K

Card table byte_map: [0x000001cf7cde0000,0x000001cf7dbe0000] byte_map_base: 0x000001cf79dd3000

Marking Bits: (ParMarkBitMap*) 0x0000000062e6f7f0
 Begin Bits: [0x000001cf00000000, 0x000001cf06f98000)
 End Bits:   [0x000001cf06f98000, 0x000001cf0df30000)

Polling page: 0x000001cf6bec0000

CodeCache: size=245760Kb used=7578Kb max_used=7578Kb free=238181Kb
 bounds [0x000001cf6da20000, 0x000001cf6e190000, 0x000001cf7ca20000]
 total_blobs=2043 nmethods=1692 adapters=261
 compilation: enabled

Compilation events (10 events):
Event: 1.153 Thread 0x000001cf10c53000 1654       3       sun.reflect.ReflectionFactory::inflationThreshold (4 bytes)
Event: 1.153 Thread 0x000001cf10c53000 nmethod 1654 0x000001cf6e171b50 code [0x000001cf6e171ca0, 0x000001cf6e171dd8]
Event: 1.154 Thread 0x000001cf10c2a800 1656   !   3       com.google.inject.internal.ProvisionListenerStackCallback$Provision::provision (140 bytes)
Event: 1.154 Thread 0x000001cf10c37000 1655       1       com.google.inject.internal.ProvisionListenerStackCallback::access$100 (5 bytes)
Event: 1.154 Thread 0x000001cf10c37000 nmethod 1655 0x000001cf6e171290 code [0x000001cf6e1713e0, 0x000001cf6e1714d8]
Event: 1.154 Thread 0x000001cf10c51800 1657       3       sun.reflect.NativeConstructorAccessorImpl::newInstance (89 bytes)
Event: 1.154 Thread 0x000001cf10c53000 1659       3       com.google.inject.internal.BindingImpl::acceptScopingVisitor (9 bytes)
Event: 1.154 Thread 0x000001cf10c37000 1660       1       com.google.inject.internal.ConstructionContext::isConstructing (5 bytes)
Event: 1.154 Thread 0x000001cf10c2a800 nmethod 1656 0x000001cf6e170190 code [0x000001cf6e170360, 0x000001cf6e170a50]
Event: 1.154 Thread 0x000001cf10c37000 nmethod 1660 0x000001cf6e177b90 code [0x000001cf6e177ce0, 0x000001cf6e177df8]

GC Heap History (0 events):
No events

Deoptimization events (10 events):
Event: 0.702 Thread 0x000001cf6bf2a000 Uncommon trap: reason=unstable_if action=reinterpret pc=0x000001cf6dee1408 method=org.codehaus.plexus.util.xml.pull.MXParser.nextImpl()I @ 200
Event: 0.713 Thread 0x000001cf6bf2a000 Uncommon trap: reason=unstable_if action=reinterpret pc=0x000001cf6defc40c method=sun.nio.cs.StreamDecoder.implRead([CII)I @ 197
Event: 0.715 Thread 0x000001cf6bf2a000 Uncommon trap: reason=unstable_if action=reinterpret pc=0x000001cf6deee12c method=sun.nio.cs.StreamDecoder.implRead([CII)I @ 197
Event: 0.715 Thread 0x000001cf6bf2a000 Uncommon trap: reason=unstable_if action=reinterpret pc=0x000001cf6df02a54 method=sun.nio.cs.StreamDecoder.implRead([CII)I @ 197
Event: 0.716 Thread 0x000001cf6bf2a000 Uncommon trap: reason=unstable_if action=reinterpret pc=0x000001cf6def77b4 method=sun.nio.cs.StreamDecoder.implRead([CII)I @ 71
Event: 0.717 Thread 0x000001cf6bf2a000 Uncommon trap: reason=unstable_if action=reinterpret pc=0x000001cf6dee9b4c method=sun.nio.cs.StreamDecoder.implRead([CII)I @ 71
Event: 0.717 Thread 0x000001cf6bf2a000 Uncommon trap: reason=unstable_if action=reinterpret pc=0x000001cf6df15064 method=sun.nio.cs.StreamDecoder.implRead([CII)I @ 197
Event: 0.717 Thread 0x000001cf6bf2a000 Uncommon trap: reason=unstable_if action=reinterpret pc=0x000001cf6dedfa50 method=sun.nio.cs.StreamDecoder.implRead([CII)I @ 197
Event: 0.751 Thread 0x000001cf6bf2a000 Uncommon trap: reason=unstable_if action=reinterpret pc=0x000001cf6deade58 method=java.util.HashMap.getNode(ILjava/lang/Object;)Ljava/util/HashMap$Node; @ 129
Event: 0.751 Thread 0x000001cf6bf2a000 Uncommon trap: reason=unstable_if action=reinterpret pc=0x000001cf6deafa94 method=java.util.HashMap.getNode(ILjava/lang/Object;)Ljava/util/HashMap$Node; @ 129

Classes redefined (0 events):
No events

Internal exceptions (10 events):
Event: 0.059 Thread 0x000001cf6bf2a000 Exception <a 'java/util/zip/ZipException'> (0x000000072b4106e0) thrown at [J:\jenkins\tmp\workspace\build\src\hotspot\src\share\vm\prims\jni.cpp, line 709]
Event: 0.059 Thread 0x000001cf6bf2a000 Exception <a 'java/security/PrivilegedActionException'> (0x000000072b410e18) thrown at [J:\jenkins\tmp\workspace\build\src\hotspot\src\share\vm\prims\jvm.cpp, line 1514]
Event: 0.059 Thread 0x000001cf6bf2a000 Exception <a 'java/security/PrivilegedActionException'> (0x000000072b411028) thrown at [J:\jenkins\tmp\workspace\build\src\hotspot\src\share\vm\prims\jvm.cpp, line 1514]
Event: 0.151 Thread 0x000001cf6bf2a000 Exception <a 'java/security/PrivilegedActionException'> (0x000000072be80f20) thrown at [J:\jenkins\tmp\workspace\build\src\hotspot\src\share\vm\prims\jvm.cpp, line 1514]
Event: 0.151 Thread 0x000001cf6bf2a000 Exception <a 'java/security/PrivilegedActionException'> (0x000000072be81318) thrown at [J:\jenkins\tmp\workspace\build\src\hotspot\src\share\vm\prims\jvm.cpp, line 1514]
Event: 0.152 Thread 0x000001cf6bf2a000 Exception <a 'java/security/PrivilegedActionException'> (0x000000072be84508) thrown at [J:\jenkins\tmp\workspace\build\src\hotspot\src\share\vm\prims\jvm.cpp, line 1514]
Event: 0.152 Thread 0x000001cf6bf2a000 Exception <a 'java/security/PrivilegedActionException'> (0x000000072be84900) thrown at [J:\jenkins\tmp\workspace\build\src\hotspot\src\share\vm\prims\jvm.cpp, line 1514]
Event: 1.123 Thread 0x000001cf6bf2a000 Exception <a 'java/lang/NoClassDefFoundError': com/google/inject/servlet/ServletModuleTargetVisitor> (0x0000000731344d78) thrown at [J:\jenkins\tmp\workspace\build\src\hotspot\src\share\vm\classfile\systemDictionary.cpp, line 206]
Event: 1.123 Thread 0x000001cf6bf2a000 Exception <a 'java/lang/NoClassDefFoundError'> (0x0000000731344d78) thrown at [J:\jenkins\tmp\workspace\build\src\hotspot\src\share\vm\prims\jvm.cpp, line 1518]
Event: 1.124 Thread 0x000001cf6bf2a000 Exception <a 'java/lang/NoClassDefFoundError': javax/annotation/Priority> (0x0000000731349fa8) thrown at [J:\jenkins\tmp\workspace\build\src\hotspot\src\share\vm\classfile\systemDictionary.cpp, line 206]

Events (10 events):
Event: 1.151 loading class org/apache/maven/repository/legacy/DefaultUpdateCheckManager
Event: 1.151 loading class org/apache/maven/repository/legacy/DefaultUpdateCheckManager done
Event: 1.151 loading class org/apache/maven/project/artifact/DefaultMavenMetadataCache
Event: 1.151 loading class org/apache/maven/project/artifact/DefaultMavenMetadataCache done
Event: 1.152 loading class org/apache/maven/project/artifact/DefaultMavenMetadataCache
Event: 1.152 loading class org/apache/maven/project/artifact/DefaultMavenMetadataCache done
Event: 1.152 loading class org/apache/maven/project/artifact/DefaultMavenMetadataCache
Event: 1.152 loading class org/apache/maven/project/artifact/DefaultMavenMetadataCache done
Event: 1.153 loading class org/eclipse/sisu/wire/EntrySetAdapter
Event: 1.153 loading class org/eclipse/sisu/wire/EntrySetAdapter done


Dynamic libraries:
0x00007ff71d410000 - 0x00007ff71d455000 	C:\Users\Lars\.jdks\temurin-1.8.0_362\bin\java.exe
0x00007ff95e5d0000 - 0x00007ff95e7c8000 	C:\WINDOWS\SYSTEM32\ntdll.dll
0x00007ff931f40000 - 0x00007ff931f59000 	D:\Program Files\Avast Software\Avast\aswhook.dll
0x00007ff95c640000 - 0x00007ff95c6ff000 	C:\WINDOWS\System32\KERNEL32.DLL
0x00007ff95bec0000 - 0x00007ff95c192000 	C:\WINDOWS\System32\KERNELBASE.dll
0x00007ff95e4e0000 - 0x00007ff95e58e000 	C:\WINDOWS\System32\ADVAPI32.dll
0x00007ff95d360000 - 0x00007ff95d3fe000 	C:\WINDOWS\System32\msvcrt.dll
0x00007ff95d1e0000 - 0x00007ff95d27c000 	C:\WINDOWS\System32\sechost.dll
0x00007ff95cd70000 - 0x00007ff95ce94000 	C:\WINDOWS\System32\RPCRT4.dll
0x00007ff95d030000 - 0x00007ff95d1d1000 	C:\WINDOWS\System32\USER32.dll
0x00007ff95be40000 - 0x00007ff95be62000 	C:\WINDOWS\System32\win32u.dll
0x00007ff95cf40000 - 0x00007ff95cf6b000 	C:\WINDOWS\System32\GDI32.dll
0x00007ff95c3e0000 - 0x00007ff95c4ef000 	C:\WINDOWS\System32\gdi32full.dll
0x00007ff95c4f0000 - 0x00007ff95c58d000 	C:\WINDOWS\System32\msvcp_win.dll
0x00007ff95bcd0000 - 0x00007ff95bdd0000 	C:\WINDOWS\System32\ucrtbase.dll
0x00007ff949ab0000 - 0x00007ff949d4a000 	C:\WINDOWS\WinSxS\amd64_microsoft.windows.common-controls_6595b64144ccf1df_6.0.19041.1110_none_60b5254171f9507e\COMCTL32.dll
0x00007ff95dfe0000 - 0x00007ff95e010000 	C:\WINDOWS\System32\IMM32.DLL
0x00007ff93f360000 - 0x00007ff93f375000 	C:\Users\Lars\.jdks\temurin-1.8.0_362\jre\bin\vcruntime140.dll
0x00007ff935bd0000 - 0x00007ff935c6b000 	C:\Users\Lars\.jdks\temurin-1.8.0_362\jre\bin\msvcp140.dll
0x0000000062690000 - 0x0000000062ee8000 	C:\Users\Lars\.jdks\temurin-1.8.0_362\jre\bin\server\jvm.dll
0x00007ff95dfd0000 - 0x00007ff95dfd8000 	C:\WINDOWS\System32\PSAPI.DLL
0x00007ff943e50000 - 0x00007ff943e59000 	C:\WINDOWS\SYSTEM32\WSOCK32.dll
0x00007ff94dfc0000 - 0x00007ff94dfe7000 	C:\WINDOWS\SYSTEM32\WINMM.dll
0x00007ff954bd0000 - 0x00007ff954bda000 	C:\WINDOWS\SYSTEM32\VERSION.dll
0x00007ff95dc20000 - 0x00007ff95dc8b000 	C:\WINDOWS\System32\WS2_32.dll
0x00007ff95a540000 - 0x00007ff95a552000 	C:\WINDOWS\SYSTEM32\kernel.appcore.dll
0x00007ff943050000 - 0x00007ff943060000 	C:\Users\Lars\.jdks\temurin-1.8.0_362\jre\bin\verify.dll
0x00007ff93e930000 - 0x00007ff93e95b000 	C:\Users\Lars\.jdks\temurin-1.8.0_362\jre\bin\java.dll
0x00007ff933480000 - 0x00007ff9334b0000 	C:\Users\Lars\.jdks\temurin-1.8.0_362\jre\bin\instrument.dll
0x00007ff93f230000 - 0x00007ff93f248000 	C:\Users\Lars\.jdks\temurin-1.8.0_362\jre\bin\zip.dll
0x00007ff95d4d0000 - 0x00007ff95dc15000 	C:\WINDOWS\System32\SHELL32.dll
0x00007ff959950000 - 0x00007ff95a0e2000 	C:\WINDOWS\SYSTEM32\windows.storage.dll
0x00007ff95c700000 - 0x00007ff95ca55000 	C:\WINDOWS\System32\combase.dll
0x00007ff95b730000 - 0x00007ff95b760000 	C:\WINDOWS\SYSTEM32\Wldp.dll
0x00007ff95ca60000 - 0x00007ff95cb0d000 	C:\WINDOWS\System32\SHCORE.dll
0x00007ff95e010000 - 0x00007ff95e065000 	C:\WINDOWS\System32\shlwapi.dll
0x00007ff95bc10000 - 0x00007ff95bc2f000 	C:\WINDOWS\SYSTEM32\profapi.dll
0x00007ff93e7d0000 - 0x00007ff93e7ea000 	D:\Program Files\JetBrains\IntelliJ IDEA Community Edition 2022.1\bin\breakgen64.dll
0x00007ff93ef40000 - 0x00007ff93ef5c000 	C:\Users\Lars\.jdks\temurin-1.8.0_362\jre\bin\net.dll
0x00007ff95b490000 - 0x00007ff95b4fa000 	C:\WINDOWS\system32\mswsock.dll
0x00007ff95b680000 - 0x00007ff95b698000 	C:\WINDOWS\SYSTEM32\CRYPTSP.dll
0x00007ff95ad40000 - 0x00007ff95ad74000 	C:\WINDOWS\system32\rsaenh.dll
0x00007ff95c3b0000 - 0x00007ff95c3d7000 	C:\WINDOWS\System32\bcrypt.dll
0x00007ff95bbd0000 - 0x00007ff95bbfe000 	C:\WINDOWS\SYSTEM32\USERENV.dll
0x00007ff95c590000 - 0x00007ff95c612000 	C:\WINDOWS\System32\bcryptprimitives.dll
0x00007ff95b6a0000 - 0x00007ff95b6ac000 	C:\WINDOWS\SYSTEM32\CRYPTBASE.dll
0x00007ff95b130000 - 0x00007ff95b16b000 	C:\WINDOWS\SYSTEM32\IPHLPAPI.DLL
0x00007ff95cf30000 - 0x00007ff95cf38000 	C:\WINDOWS\System32\NSI.dll
0x00007ff9545a0000 - 0x00007ff9545b7000 	C:\WINDOWS\SYSTEM32\dhcpcsvc6.DLL
0x00007ff954c70000 - 0x00007ff954c8d000 	C:\WINDOWS\SYSTEM32\dhcpcsvc.DLL
0x00007ff95b180000 - 0x00007ff95b24b000 	C:\WINDOWS\SYSTEM32\DNSAPI.dll
0x00007ff93e910000 - 0x00007ff93e923000 	C:\Users\Lars\.jdks\temurin-1.8.0_362\jre\bin\nio.dll
0x00007ff93dc60000 - 0x00007ff93dc6a000 	C:\Users\Lars\AppData\Local\Temp\jansi-1.17.1-8157883454603142400.dll
0x00007ff93dc50000 - 0x00007ff93dc5a000 	C:\Users\Lars\AppData\Local\Temp\jansi-1.17.1-7335207577137982094.dll

VM Arguments:
jvm_args: -Dmaven.multiModuleProjectDirectory=D:\Lars\Coding\Importonats -Dmaven.home=D:\Program Files\JetBrains\IntelliJ IDEA Community Edition 2022.1\plugins\maven\lib\maven3 -Dclassworlds.conf=D:\Program Files\JetBrains\IntelliJ IDEA Community Edition 2022.1\plugins\maven\lib\maven3\bin\m2.conf -Dmaven.ext.class.path=D:\Program Files\JetBrains\IntelliJ IDEA Community Edition 2022.1\plugins\maven\lib\maven-event-listener.jar -javaagent:D:\Program Files\JetBrains\IntelliJ IDEA Community Edition 2022.1\lib\idea_rt.jar=63886:D:\Program Files\JetBrains\IntelliJ IDEA Community Edition 2022.1\bin -Dfile.encoding=UTF-8 
java_command: org.codehaus.classworlds.Launcher -Didea.version=2022.1 install
java_class_path (initial): D:\Program Files\JetBrains\IntelliJ IDEA Community Edition 2022.1\plugins\maven\lib\maven3\boot\plexus-classworlds-2.6.0.jar;D:\Program Files\JetBrains\IntelliJ IDEA Community Edition 2022.1\plugins\maven\lib\maven3\boot\plexus-classworlds.license;D:\Program Files\JetBrains\IntelliJ IDEA Community Edition 2022.1\lib\idea_rt.jar
Launcher Type: SUN_STANDARD

Environment Variables:
JAVA_HOME=C:\Users\Lars\.jdks\openjdk-17.0.1\bin
PATH=C:\Users\Lars\.jdks\openjdk-17.0.1\bin;C:\Program Files (x86)\Razer Chroma SDK\bin;C:\Program Files\Razer Chroma SDK\bin;C:\Program Files (x86)\Razer\ChromaBroadcast\bin;C:\Program Files\Razer\ChromaBroadcast\bin;C:\Program Files (x86)\Common Files\Oracle\Java\javapath;C:\Windows\system32;C:\Windows;C:\Windows\System32\Wbem;C:\Windows\System32\WindowsPowerShell\v1.0\;C:\Windows\System32\OpenSSH\;C:\Program Files\NVIDIA Corporation\NVIDIA NvDLISR;D:\Program Files\PuTTY\;C:\Windows\system32\config\systemprofile\AppData\Local\Microsoft\WindowsApps;C:\Program Files (x86)\NVIDIA Corporation\PhysX\Common;C:\Program Files\dotnet\;D:\Program Files\WorldPainter;C:\WINDOWS\system32;C:\WINDOWS;C:\WINDOWS\System32\Wbem;C:\WINDOWS\System32\WindowsPowerShell\v1.0\;C:\WINDOWS\System32\OpenSSH\;D:\Program Files\Git\cmd;C:\ProgramData\chocolatey\bin;C:\Users\Lars\AppData\Local\Microsoft\WindowsApps;D:\Program Files\JetBrains\PyCharm Community Edition 2021.2\bin;;D:\Users\Lars\AppData\Local\Programs\Microsoft VS Code\bin
USERNAME=Lars
OS=Windows_NT
PROCESSOR_IDENTIFIER=AMD64 Family 25 Model 80 Stepping 0, AuthenticAMD



---------------  S Y S T E M  ---------------

OS: Windows 10 , 64 bit Build 19041 (10.0.19041.2546)

CPU:total 16 (initial active 16) (16 cores per cpu, 1 threads per core) family 25 model 80 stepping 0, cmov, cx8, fxsr, mmx, sse, sse2, sse3, ssse3, sse4.1, sse4.2, popcnt, avx, avx2, aes, clmul, erms, mmxext, 3dnowpref, lzcnt, sse4a, tsc, tscinvbit, tscinv, bmi1

Memory: 4k page, physical 29250652k(14292856k free), swap 32724936k(5620k free)

vm_info: OpenJDK 64-Bit Server VM (25.362-b09) for windows-amd64 JRE (1.8.0_362-b09), built on Jan 18 2023 17:11:58 by "jenkins" with MS VC++ 15.9 (VS2017)

time: Sun Apr  2 14:34:31 2023
timezone: Mitteleuropäische Sommerzeit
elapsed time: 1.160831 seconds (0d 0h 0m 1s)

