#
# There is insufficient memory for the Java Runtime Environment to continue.
# Native memory allocation (malloc) failed to allocate 1048576 bytes for AllocateHeap
# Possible reasons:
#   The system is out of physical RAM or swap space
#   The process is running with CompressedOops enabled, and the Java Heap may be blocking the growth of the native heap
# Possible solutions:
#   Reduce memory load on the system
#   Increase physical memory or swap space
#   Check if swap backing store is full
#   Decrease Java heap size (-Xmx/-Xms)
#   Decrease number of Java threads
#   Decrease Java thread stack sizes (-Xss)
#   Set larger code cache with -XX:ReservedCodeCacheSize=
#   JVM is running with Zero Based Compressed Oops mode in which the Java heap is
#     placed in the first 32GB address space. The Java Heap base address is the
#     maximum limit for the native heap growth. Please use -XX:HeapBaseMinAddress
#     to set the Java Heap base and to place the Java Heap above 32GB virtual address.
# This output file may be truncated or incomplete.
#
#  Out of Memory Error (memory/allocation.inline.hpp:61), pid=18556, tid=0x0000000000004460
#
# JRE version:  (8.0_362-b09) (build )
# Java VM: OpenJDK 64-Bit Server VM (25.362-b09 mixed mode windows-amd64 compressed oops)
# Failed to write core dump. Minidumps are not enabled by default on client versions of Windows
#

---------------  T H R E A D  ---------------

Current thread (0x000001aea67da000):  JavaThread "Unknown thread" [_thread_in_vm, id=17504, stack(0x00000082fe500000,0x00000082fe600000)]

Stack: [0x00000082fe500000,0x00000082fe600000]
[error occurred during error reporting (printing stack bounds), id 0xc0000005]

Native frames: (J=compiled Java code, j=interpreted, Vv=VM code, C=native code)


---------------  P R O C E S S  ---------------

Java Threads: ( => current thread )

Other Threads:

=>0x000001aea67da000 (exited) JavaThread "Unknown thread" [_thread_in_vm, id=17504, stack(0x00000082fe500000,0x00000082fe600000)]

VM state:not at safepoint (normal execution)

VM Mutex/Monitor currently owned by a thread: None

heap address: 0x0000000601a00000, size: 7142 MB, Compressed Oops mode: Zero based, Oop shift amount: 3
Narrow klass base: 0x0000000000000000, Narrow klass shift: 3
Compressed class space size: 1073741824 Address: 0x00000007c0000000

Heap:
 PSYoungGen      total 133632K, used 2293K [0x000000072b380000, 0x0000000734880000, 0x00000007c0000000)
  eden space 114688K, 2% used [0x000000072b380000,0x000000072b5bd718,0x0000000732380000)
  from space 18944K, 0% used [0x0000000733600000,0x0000000733600000,0x0000000734880000)
  to   space 18944K, 0% used [0x0000000732380000,0x0000000732380000,0x0000000733600000)
 ParOldGen       total 306176K, used 0K [0x0000000601a00000, 0x0000000614500000, 0x000000072b380000)
  object space 306176K, 0% used [0x0000000601a00000,0x0000000601a00000,0x0000000614500000)
 Metaspace       used 779K, capacity 4480K, committed 4480K, reserved 1056768K
  class space    used 76K, capacity 384K, committed 384K, reserved 1048576K

Card table byte_map: [0x000001aeb7600000,0x000001aeb8400000] byte_map_base: 0x000001aeb45f3000

Marking Bits: (ParMarkBitMap*) 0x000000006106f7f0
 Begin Bits: [0x000001aeb8d50000, 0x000001aebfce8000)
 End Bits:   [0x000001aebfce8000, 0x000001aec6c80000)

Polling page: 0x000001aea8210000

CodeCache: size=245760Kb used=327Kb max_used=327Kb free=245432Kb
 bounds [0x000001aea8240000, 0x000001aea84b0000, 0x000001aeb7240000]
 total_blobs=56 nmethods=0 adapters=38
 compilation: enabled

Compilation events (0 events):
No events

GC Heap History (0 events):
No events

Deoptimization events (0 events):
No events

Classes redefined (0 events):
No events

Internal exceptions (0 events):
No events

Events (10 events):
Event: 0.018 loading class java/lang/Short
Event: 0.018 loading class java/lang/Short done
Event: 0.018 loading class java/lang/Integer
Event: 0.018 loading class java/lang/Integer done
Event: 0.018 loading class java/lang/Long
Event: 0.018 loading class java/lang/Long done
Event: 0.018 loading class java/lang/NullPointerException
Event: 0.018 loading class java/lang/NullPointerException done
Event: 0.018 loading class java/lang/ArithmeticException
Event: 0.018 loading class java/lang/ArithmeticException done


Dynamic libraries:
0x00007ff69d7b0000 - 0x00007ff69d7f5000 	C:\Users\Lars\.jdks\temurin-1.8.0_362\bin\java.exe
0x00007ff89f930000 - 0x00007ff89fb28000 	C:\WINDOWS\SYSTEM32\ntdll.dll
0x00007ff871b10000 - 0x00007ff871b29000 	D:\Program Files\Avast Software\Avast\aswhook.dll
0x00007ff89f520000 - 0x00007ff89f5df000 	C:\WINDOWS\System32\KERNEL32.DLL
0x00007ff89d4a0000 - 0x00007ff89d772000 	C:\WINDOWS\System32\KERNELBASE.dll
0x00007ff89e8a0000 - 0x00007ff89e94e000 	C:\WINDOWS\System32\ADVAPI32.dll
0x00007ff89e800000 - 0x00007ff89e89e000 	C:\WINDOWS\System32\msvcrt.dll
0x00007ff89f5e0000 - 0x00007ff89f67c000 	C:\WINDOWS\System32\sechost.dll
0x00007ff89f090000 - 0x00007ff89f1b4000 	C:\WINDOWS\System32\RPCRT4.dll
0x00007ff89da70000 - 0x00007ff89dc11000 	C:\WINDOWS\System32\USER32.dll
0x00007ff89d470000 - 0x00007ff89d492000 	C:\WINDOWS\System32\win32u.dll
0x00007ff89f050000 - 0x00007ff89f07b000 	C:\WINDOWS\System32\GDI32.dll
0x00007ff89d360000 - 0x00007ff89d46f000 	C:\WINDOWS\System32\gdi32full.dll
0x00007ff89d2c0000 - 0x00007ff89d35d000 	C:\WINDOWS\System32\msvcp_win.dll
0x00007ff89d1c0000 - 0x00007ff89d2c0000 	C:\WINDOWS\System32\ucrtbase.dll
0x00007ff88a6c0000 - 0x00007ff88a95a000 	C:\WINDOWS\WinSxS\amd64_microsoft.windows.common-controls_6595b64144ccf1df_6.0.19041.1110_none_60b5254171f9507e\COMCTL32.dll
0x00007ff89ea00000 - 0x00007ff89ea30000 	C:\WINDOWS\System32\IMM32.DLL
0x00007ff880020000 - 0x00007ff880035000 	C:\Users\Lars\.jdks\temurin-1.8.0_362\jre\bin\vcruntime140.dll
0x00007ff874390000 - 0x00007ff87442b000 	C:\Users\Lars\.jdks\temurin-1.8.0_362\jre\bin\msvcp140.dll
0x0000000060890000 - 0x00000000610e8000 	C:\Users\Lars\.jdks\temurin-1.8.0_362\jre\bin\server\jvm.dll
0x00007ff89f510000 - 0x00007ff89f518000 	C:\WINDOWS\System32\PSAPI.DLL
0x00007ff8861c0000 - 0x00007ff8861c9000 	C:\WINDOWS\SYSTEM32\WSOCK32.dll
0x00007ff893180000 - 0x00007ff89318a000 	C:\WINDOWS\SYSTEM32\VERSION.dll
0x00007ff892ee0000 - 0x00007ff892f07000 	C:\WINDOWS\SYSTEM32\WINMM.dll
0x00007ff89f1c0000 - 0x00007ff89f22b000 	C:\WINDOWS\System32\WS2_32.dll
0x00007ff89b890000 - 0x00007ff89b8a2000 	C:\WINDOWS\SYSTEM32\kernel.appcore.dll
0x00007ff880b10000 - 0x00007ff880b20000 	C:\Users\Lars\.jdks\temurin-1.8.0_362\jre\bin\verify.dll
0x00007ff875bf0000 - 0x00007ff875c1b000 	C:\Users\Lars\.jdks\temurin-1.8.0_362\jre\bin\java.dll
0x00007ff874f10000 - 0x00007ff874f40000 	C:\Users\Lars\.jdks\temurin-1.8.0_362\jre\bin\instrument.dll
0x00007ff8799f0000 - 0x00007ff879a08000 	C:\Users\Lars\.jdks\temurin-1.8.0_362\jre\bin\zip.dll

VM Arguments:
jvm_args: -Dmaven.multiModuleProjectDirectory=D:\Lars\Coding\Importonats -Dmaven.home=D:\Program Files\JetBrains\IntelliJ IDEA Community Edition 2022.1\plugins\maven\lib\maven3 -Dclassworlds.conf=D:\Program Files\JetBrains\IntelliJ IDEA Community Edition 2022.1\plugins\maven\lib\maven3\bin\m2.conf -Dmaven.ext.class.path=D:\Program Files\JetBrains\IntelliJ IDEA Community Edition 2022.1\plugins\maven\lib\maven-event-listener.jar -javaagent:D:\Program Files\JetBrains\IntelliJ IDEA Community Edition 2022.1\lib\idea_rt.jar=58664:D:\Program Files\JetBrains\IntelliJ IDEA Community Edition 2022.1\bin -Dfile.encoding=UTF-8 
java_command: org.codehaus.classworlds.Launcher -Didea.version=2022.1 install
java_class_path (initial): D:\Program Files\JetBrains\IntelliJ IDEA Community Edition 2022.1\plugins\maven\lib\maven3\boot\plexus-classworlds-2.6.0.jar;D:\Program Files\JetBrains\IntelliJ IDEA Community Edition 2022.1\plugins\maven\lib\maven3\boot\plexus-classworlds.license;D:\Program Files\JetBrains\IntelliJ IDEA Community Edition 2022.1\lib\idea_rt.jar
Launcher Type: SUN_STANDARD

Environment Variables:
JAVA_HOME=C:\Users\Lars\.jdks\openjdk-17.0.1\bin
PATH=C:\Users\Lars\.jdks\openjdk-17.0.1\bin;C:\Program Files (x86)\Razer Chroma SDK\bin;C:\Program Files\Razer Chroma SDK\bin;C:\Program Files (x86)\Razer\ChromaBroadcast\bin;C:\Program Files\Razer\ChromaBroadcast\bin;C:\Program Files (x86)\Common Files\Oracle\Java\javapath;C:\Windows\system32;C:\Windows;C:\Windows\System32\Wbem;C:\Windows\System32\WindowsPowerShell\v1.0\;C:\Windows\System32\OpenSSH\;C:\Program Files\NVIDIA Corporation\NVIDIA NvDLISR;D:\Program Files\PuTTY\;C:\Windows\system32\config\systemprofile\AppData\Local\Microsoft\WindowsApps;C:\Program Files (x86)\NVIDIA Corporation\PhysX\Common;C:\Program Files\dotnet\;D:\Program Files\WorldPainter;C:\WINDOWS\system32;C:\WINDOWS;C:\WINDOWS\System32\Wbem;C:\WINDOWS\System32\WindowsPowerShell\v1.0\;C:\WINDOWS\System32\OpenSSH\;D:\Program Files\Git\cmd;C:\ProgramData\chocolatey\bin;C:\Users\Lars\AppData\Local\Microsoft\WindowsApps;D:\Program Files\JetBrains\PyCharm Community Edition 2021.2\bin;;D:\Users\Lars\AppData\Local\Programs\Microsoft VS Code\bin
USERNAME=Lars
OS=Windows_NT
PROCESSOR_IDENTIFIER=AMD64 Family 25 Model 80 Stepping 0, AuthenticAMD



---------------  S Y S T E M  ---------------

OS: Windows 10 , 64 bit Build 19041 (10.0.19041.2546)

CPU:total 16 (initial active 16) (16 cores per cpu, 1 threads per core) family 25 model 80 stepping 0, cmov, cx8, fxsr, mmx, sse, sse2, sse3, ssse3, sse4.1, sse4.2, popcnt, avx, avx2, aes, clmul, erms, mmxext, 3dnowpref, lzcnt, sse4a, tsc, tscinvbit, tscinv, bmi1

Memory: 4k page, physical 29250652k(14676276k free), swap 34620260k(5904k free)

vm_info: OpenJDK 64-Bit Server VM (25.362-b09) for windows-amd64 JRE (1.8.0_362-b09), built on Jan 18 2023 17:11:58 by "jenkins" with MS VC++ 15.9 (VS2017)

time: Mon Mar 27 16:46:35 2023
timezone: Mitteleuropäische Sommerzeit
elapsed time: 0.022948 seconds (0d 0h 0m 0s)

