#
# There is insufficient memory for the Java Runtime Environment to continue.
# Native memory allocation (malloc) failed to allocate 126256 bytes for Chunk::new
# Possible reasons:
#   The system is out of physical RAM or swap space
#   The process is running with CompressedOops enabled, and the Java Heap may be blocking the growth of the native heap
# Possible solutions:
#   Reduce memory load on the system
#   Increase physical memory or swap space
#   Check if swap backing store is full
#   Decrease Java heap size (-Xmx/-Xms)
#   Decrease number of Java threads
#   Decrease Java thread stack sizes (-Xss)
#   Set larger code cache with -XX:ReservedCodeCacheSize=
#   JVM is running with Zero Based Compressed Oops mode in which the Java heap is
#     placed in the first 32GB address space. The Java Heap base address is the
#     maximum limit for the native heap growth. Please use -XX:HeapBaseMinAddress
#     to set the Java Heap base and to place the Java Heap above 32GB virtual address.
# This output file may be truncated or incomplete.
#
#  Out of Memory Error (allocation.cpp:389), pid=17868, tid=0x000000000000154c
#
# JRE version: OpenJDK Runtime Environment (8.0_362-b09) (build 1.8.0_362-b09)
# Java VM: OpenJDK 64-Bit Server VM (25.362-b09 mixed mode windows-amd64 compressed oops)
# Failed to write core dump. Minidumps are not enabled by default on client versions of Windows
#

---------------  T H R E A D  ---------------

Current thread (0x000001fa77876000):  JavaThread "C2 CompilerThread1" daemon [_thread_in_native, id=5452, stack(0x00000083a2400000,0x00000083a2500000)]

Stack: [0x00000083a2400000,0x00000083a2500000]
[error occurred during error reporting (printing stack bounds), id 0xc0000005]

Native frames: (J=compiled Java code, j=interpreted, Vv=VM code, C=native code)


Current CompileTask:
C2:    709  709   !   4       sun.nio.cs.StreamDecoder::read0 (116 bytes)


---------------  P R O C E S S  ---------------

Java Threads: ( => current thread )
  0x000001fa77922000 JavaThread "Service Thread" daemon [_thread_blocked, id=19840, stack(0x00000083a2f00000,0x00000083a3000000)]
  0x000001fa778b7000 JavaThread "C1 CompilerThread11" daemon [_thread_blocked, id=8184, stack(0x00000083a2e00000,0x00000083a2f00000)]
  0x000001fa778b4000 JavaThread "C1 CompilerThread10" daemon [_thread_blocked, id=11692, stack(0x00000083a2d00000,0x00000083a2e00000)]
  0x000001fa778b3800 JavaThread "C1 CompilerThread9" daemon [_thread_blocked, id=18536, stack(0x00000083a2c00000,0x00000083a2d00000)]
  0x000001fa778b2800 JavaThread "C1 CompilerThread8" daemon [_thread_blocked, id=22352, stack(0x00000083a2b00000,0x00000083a2c00000)]
  0x000001fa778b5800 JavaThread "C2 CompilerThread7" daemon [_thread_blocked, id=18208, stack(0x00000083a2a00000,0x00000083a2b00000)]
  0x000001fa778b6800 JavaThread "C2 CompilerThread6" daemon [_thread_in_native, id=13396, stack(0x00000083a2900000,0x00000083a2a00000)]
  0x000001fa7789f800 JavaThread "C2 CompilerThread5" daemon [_thread_in_native, id=5904, stack(0x00000083a2800000,0x00000083a2900000)]
  0x000001fa77882800 JavaThread "C2 CompilerThread4" daemon [_thread_in_native, id=22884, stack(0x00000083a2700000,0x00000083a2800000)]
  0x000001fa77880800 JavaThread "C2 CompilerThread3" daemon [_thread_in_native, id=19772, stack(0x00000083a2600000,0x00000083a2700000)]
  0x000001fa7787b000 JavaThread "C2 CompilerThread2" daemon [_thread_in_native, id=4116, stack(0x00000083a2500000,0x00000083a2600000)]
=>0x000001fa77876000 JavaThread "C2 CompilerThread1" daemon [_thread_in_native, id=5452, stack(0x00000083a2400000,0x00000083a2500000)]
  0x000001fa77873800 JavaThread "C2 CompilerThread0" daemon [_thread_in_native, id=26320, stack(0x00000083a2300000,0x00000083a2400000)]
  0x000001fa77870000 JavaThread "Monitor Ctrl-Break" daemon [_thread_in_native, id=26492, stack(0x00000083a2200000,0x00000083a2300000)]
  0x000001fa777e4000 JavaThread "Attach Listener" daemon [_thread_blocked, id=25732, stack(0x00000083a2100000,0x00000083a2200000)]
  0x000001fa74aed800 JavaThread "Signal Dispatcher" daemon [_thread_blocked, id=24668, stack(0x00000083a2000000,0x00000083a2100000)]
  0x000001fa74adb800 JavaThread "Finalizer" daemon [_thread_blocked, id=7100, stack(0x00000083a1f00000,0x00000083a2000000)]
  0x000001fa777d0800 JavaThread "Reference Handler" daemon [_thread_blocked, id=25444, stack(0x00000083a1e00000,0x00000083a1f00000)]
  0x000001fa60d1c800 JavaThread "main" [_thread_in_native, id=12860, stack(0x00000083a0f00000,0x00000083a1000000)]

Other Threads:
  0x000001fa74ac8800 VMThread [stack: 0x00000083a1d00000,0x00000083a1e00000] [id=19804]
  0x000001fa77980000 WatcherThread [stack: 0x00000083a3000000,0x00000083a3100000] [id=7900]

VM state:not at safepoint (normal execution)

VM Mutex/Monitor currently owned by a thread: None

heap address: 0x0000000601a00000, size: 7142 MB, Compressed Oops mode: Zero based, Oop shift amount: 3
Narrow klass base: 0x0000000000000000, Narrow klass shift: 3
Compressed class space size: 1073741824 Address: 0x00000007c0000000

Heap:
 PSYoungGen      total 133632K, used 41305K [0x000000072b380000, 0x0000000734880000, 0x00000007c0000000)
  eden space 114688K, 36% used [0x000000072b380000,0x000000072dbd6730,0x0000000732380000)
  from space 18944K, 0% used [0x0000000733600000,0x0000000733600000,0x0000000734880000)
  to   space 18944K, 0% used [0x0000000732380000,0x0000000732380000,0x0000000733600000)
 ParOldGen       total 306176K, used 0K [0x0000000601a00000, 0x0000000614500000, 0x000000072b380000)
  object space 306176K, 0% used [0x0000000601a00000,0x0000000601a00000,0x0000000614500000)
 Metaspace       used 8722K, capacity 8892K, committed 9088K, reserved 1056768K
  class space    used 1033K, capacity 1112K, committed 1152K, reserved 1048576K

Card table byte_map: [0x000001fa71aa0000,0x000001fa728a0000] byte_map_base: 0x000001fa6ea93000

Marking Bits: (ParMarkBitMap*) 0x000000006106f7f0
 Begin Bits: [0x000001fa00000000, 0x000001fa06f98000)
 End Bits:   [0x000001fa06f98000, 0x000001fa0df30000)

Polling page: 0x000001fa60df0000

CodeCache: size=245760Kb used=4806Kb max_used=4806Kb free=240953Kb
 bounds [0x000001fa626e0000, 0x000001fa62ba0000, 0x000001fa716e0000]
 total_blobs=1036 nmethods=706 adapters=241
 compilation: enabled

Compilation events (10 events):
Event: 0.703 Thread 0x000001fa77876000  708       4       java.nio.Buffer::limit (53 bytes)
Event: 0.703 Thread 0x000001fa77876000 nmethod 708 0x000001fa62b81990 code [0x000001fa62b81ae0, 0x000001fa62b81bb8]
Event: 0.703 Thread 0x000001fa77876000  709   !   4       sun.nio.cs.StreamDecoder::read0 (116 bytes)
Event: 0.704 Thread 0x000001fa778b5800 nmethod 705 0x000001fa62b81150 code [0x000001fa62b812c0, 0x000001fa62b81568]
Event: 0.705 Thread 0x000001fa778b3800  711       3       org.codehaus.plexus.util.xml.pull.MXParser::isWhitespace (116 bytes)
Event: 0.705 Thread 0x000001fa778b4000  712       3       org.codehaus.plexus.util.xml.pull.MXParser::ensureElementsCapacity (265 bytes)
Event: 0.705 Thread 0x000001fa778b7000  713       3       org.codehaus.plexus.util.xml.pull.MXParser::nextTag (82 bytes)
Event: 0.705 Thread 0x000001fa778b3800 nmethod 711 0x000001fa62b7f890 code [0x000001fa62b7fa60, 0x000001fa62b802d0]
Event: 0.705 Thread 0x000001fa778b4000 nmethod 712 0x000001fa62b825d0 code [0x000001fa62b827e0, 0x000001fa62b83710]
Event: 0.706 Thread 0x000001fa778b7000 nmethod 713 0x000001fa62b93dd0 code [0x000001fa62b94000, 0x000001fa62b94b90]

GC Heap History (0 events):
No events

Deoptimization events (1 events):
Event: 0.690 Thread 0x000001fa60d1c800 Uncommon trap: reason=unstable_if action=reinterpret pc=0x000001fa62aac928 method=org.codehaus.plexus.util.xml.pull.MXParser.more()C @ 8

Classes redefined (0 events):
No events

Internal exceptions (9 events):
Event: 0.023 Thread 0x000001fa60d1c800 Exception <a 'java/lang/NoSuchMethodError': Method sun.misc.Unsafe.defineClass(Ljava/lang/String;[BII)Ljava/lang/Class; name or signature does not match> (0x000000072b387cd8) thrown at [J:\jenkins\tmp\workspace\build\src\hotspot\src\share\vm\prims\jni.cpp
Event: 0.023 Thread 0x000001fa60d1c800 Exception <a 'java/lang/NoSuchMethodError': Method sun.misc.Unsafe.prefetchRead(Ljava/lang/Object;J)V name or signature does not match> (0x000000072b387fc0) thrown at [J:\jenkins\tmp\workspace\build\src\hotspot\src\share\vm\prims\jni.cpp, line 4012]
Event: 0.063 Thread 0x000001fa60d1c800 Exception <a 'java/util/zip/ZipException'> (0x000000072b4106e0) thrown at [J:\jenkins\tmp\workspace\build\src\hotspot\src\share\vm\prims\jni.cpp, line 709]
Event: 0.063 Thread 0x000001fa60d1c800 Exception <a 'java/security/PrivilegedActionException'> (0x000000072b410e18) thrown at [J:\jenkins\tmp\workspace\build\src\hotspot\src\share\vm\prims\jvm.cpp, line 1514]
Event: 0.063 Thread 0x000001fa60d1c800 Exception <a 'java/security/PrivilegedActionException'> (0x000000072b411028) thrown at [J:\jenkins\tmp\workspace\build\src\hotspot\src\share\vm\prims\jvm.cpp, line 1514]
Event: 0.158 Thread 0x000001fa60d1c800 Exception <a 'java/security/PrivilegedActionException'> (0x000000072bc43790) thrown at [J:\jenkins\tmp\workspace\build\src\hotspot\src\share\vm\prims\jvm.cpp, line 1514]
Event: 0.158 Thread 0x000001fa60d1c800 Exception <a 'java/security/PrivilegedActionException'> (0x000000072bc43b88) thrown at [J:\jenkins\tmp\workspace\build\src\hotspot\src\share\vm\prims\jvm.cpp, line 1514]
Event: 0.158 Thread 0x000001fa60d1c800 Exception <a 'java/security/PrivilegedActionException'> (0x000000072bc46d78) thrown at [J:\jenkins\tmp\workspace\build\src\hotspot\src\share\vm\prims\jvm.cpp, line 1514]
Event: 0.158 Thread 0x000001fa60d1c800 Exception <a 'java/security/PrivilegedActionException'> (0x000000072bc47170) thrown at [J:\jenkins\tmp\workspace\build\src\hotspot\src\share\vm\prims\jvm.cpp, line 1514]

Events (10 events):
Event: 0.706 loading class org/apache/maven/repository/legacy/repository/ArtifactRepositoryFactory
Event: 0.706 loading class org/apache/maven/repository/legacy/repository/ArtifactRepositoryFactory done
Event: 0.706 loading class org/apache/maven/repository/legacy/repository/ArtifactRepositoryFactory
Event: 0.706 loading class org/apache/maven/repository/legacy/repository/ArtifactRepositoryFactory done
Event: 0.707 loading class org/apache/maven/repository/legacy/resolver/LegacyArtifactCollector
Event: 0.707 loading class org/apache/maven/repository/legacy/resolver/LegacyArtifactCollector done
Event: 0.708 loading class org/apache/maven/repository/legacy/resolver/conflict/ConflictResolver
Event: 0.708 loading class org/apache/maven/repository/legacy/resolver/conflict/ConflictResolver done
Event: 0.708 loading class org/apache/maven/repository/legacy/resolver/conflict/ConflictResolver
Event: 0.708 loading class org/apache/maven/repository/legacy/resolver/conflict/ConflictResolver done


Dynamic libraries:
0x00007ff69d7b0000 - 0x00007ff69d7f5000 	C:\Users\Lars\.jdks\temurin-1.8.0_362\bin\java.exe
0x00007ff89f930000 - 0x00007ff89fb28000 	C:\WINDOWS\SYSTEM32\ntdll.dll
0x00007ff871b10000 - 0x00007ff871b29000 	D:\Program Files\Avast Software\Avast\aswhook.dll
0x00007ff89f520000 - 0x00007ff89f5df000 	C:\WINDOWS\System32\KERNEL32.DLL
0x00007ff89d4a0000 - 0x00007ff89d772000 	C:\WINDOWS\System32\KERNELBASE.dll
0x00007ff89e8a0000 - 0x00007ff89e94e000 	C:\WINDOWS\System32\ADVAPI32.dll
0x00007ff89e800000 - 0x00007ff89e89e000 	C:\WINDOWS\System32\msvcrt.dll
0x00007ff89f5e0000 - 0x00007ff89f67c000 	C:\WINDOWS\System32\sechost.dll
0x00007ff89f090000 - 0x00007ff89f1b4000 	C:\WINDOWS\System32\RPCRT4.dll
0x00007ff89da70000 - 0x00007ff89dc11000 	C:\WINDOWS\System32\USER32.dll
0x00007ff89d470000 - 0x00007ff89d492000 	C:\WINDOWS\System32\win32u.dll
0x00007ff89f050000 - 0x00007ff89f07b000 	C:\WINDOWS\System32\GDI32.dll
0x00007ff89d360000 - 0x00007ff89d46f000 	C:\WINDOWS\System32\gdi32full.dll
0x00007ff89d2c0000 - 0x00007ff89d35d000 	C:\WINDOWS\System32\msvcp_win.dll
0x00007ff89d1c0000 - 0x00007ff89d2c0000 	C:\WINDOWS\System32\ucrtbase.dll
0x00007ff88a6c0000 - 0x00007ff88a95a000 	C:\WINDOWS\WinSxS\amd64_microsoft.windows.common-controls_6595b64144ccf1df_6.0.19041.1110_none_60b5254171f9507e\COMCTL32.dll
0x00007ff89ea00000 - 0x00007ff89ea30000 	C:\WINDOWS\System32\IMM32.DLL
0x00007ff880020000 - 0x00007ff880035000 	C:\Users\Lars\.jdks\temurin-1.8.0_362\jre\bin\vcruntime140.dll
0x00007ff874390000 - 0x00007ff87442b000 	C:\Users\Lars\.jdks\temurin-1.8.0_362\jre\bin\msvcp140.dll
0x0000000060890000 - 0x00000000610e8000 	C:\Users\Lars\.jdks\temurin-1.8.0_362\jre\bin\server\jvm.dll
0x00007ff89f510000 - 0x00007ff89f518000 	C:\WINDOWS\System32\PSAPI.DLL
0x00007ff892ee0000 - 0x00007ff892f07000 	C:\WINDOWS\SYSTEM32\WINMM.dll
0x00007ff8861c0000 - 0x00007ff8861c9000 	C:\WINDOWS\SYSTEM32\WSOCK32.dll
0x00007ff893180000 - 0x00007ff89318a000 	C:\WINDOWS\SYSTEM32\VERSION.dll
0x00007ff89f1c0000 - 0x00007ff89f22b000 	C:\WINDOWS\System32\WS2_32.dll
0x00007ff89b890000 - 0x00007ff89b8a2000 	C:\WINDOWS\SYSTEM32\kernel.appcore.dll
0x00007ff880b10000 - 0x00007ff880b20000 	C:\Users\Lars\.jdks\temurin-1.8.0_362\jre\bin\verify.dll
0x00007ff875bf0000 - 0x00007ff875c1b000 	C:\Users\Lars\.jdks\temurin-1.8.0_362\jre\bin\java.dll
0x00007ff874f10000 - 0x00007ff874f40000 	C:\Users\Lars\.jdks\temurin-1.8.0_362\jre\bin\instrument.dll
0x00007ff8799f0000 - 0x00007ff879a08000 	C:\Users\Lars\.jdks\temurin-1.8.0_362\jre\bin\zip.dll
0x00007ff89dc20000 - 0x00007ff89e365000 	C:\WINDOWS\System32\SHELL32.dll
0x00007ff89acb0000 - 0x00007ff89b442000 	C:\WINDOWS\SYSTEM32\windows.storage.dll
0x00007ff89e370000 - 0x00007ff89e6c5000 	C:\WINDOWS\System32\combase.dll
0x00007ff89ca90000 - 0x00007ff89cac0000 	C:\WINDOWS\SYSTEM32\Wldp.dll
0x00007ff89e950000 - 0x00007ff89e9fd000 	C:\WINDOWS\System32\SHCORE.dll
0x00007ff89f890000 - 0x00007ff89f8e5000 	C:\WINDOWS\System32\shlwapi.dll
0x00007ff89cf70000 - 0x00007ff89cf8f000 	C:\WINDOWS\SYSTEM32\profapi.dll
0x00007ff875bd0000 - 0x00007ff875bea000 	D:\Program Files\JetBrains\IntelliJ IDEA Community Edition 2022.1\bin\breakgen64.dll
0x00007ff877b00000 - 0x00007ff877b1c000 	C:\Users\Lars\.jdks\temurin-1.8.0_362\jre\bin\net.dll
0x00007ff89c7f0000 - 0x00007ff89c85a000 	C:\WINDOWS\system32\mswsock.dll
0x00007ff89c9e0000 - 0x00007ff89c9f8000 	C:\WINDOWS\SYSTEM32\CRYPTSP.dll
0x00007ff89c0a0000 - 0x00007ff89c0d4000 	C:\WINDOWS\system32\rsaenh.dll
0x00007ff89d030000 - 0x00007ff89d057000 	C:\WINDOWS\System32\bcrypt.dll
0x00007ff89cf30000 - 0x00007ff89cf5e000 	C:\WINDOWS\SYSTEM32\USERENV.dll
0x00007ff89d7f0000 - 0x00007ff89d872000 	C:\WINDOWS\System32\bcryptprimitives.dll
0x00007ff89ca00000 - 0x00007ff89ca0c000 	C:\WINDOWS\SYSTEM32\CRYPTBASE.dll
0x00007ff89c490000 - 0x00007ff89c4cb000 	C:\WINDOWS\SYSTEM32\IPHLPAPI.DLL
0x00007ff89f880000 - 0x00007ff89f888000 	C:\WINDOWS\System32\NSI.dll
0x00007ff895e40000 - 0x00007ff895e57000 	C:\WINDOWS\SYSTEM32\dhcpcsvc6.DLL
0x00007ff896230000 - 0x00007ff89624d000 	C:\WINDOWS\SYSTEM32\dhcpcsvc.DLL
0x00007ff89c4e0000 - 0x00007ff89c5ab000 	C:\WINDOWS\SYSTEM32\DNSAPI.dll
0x00007ff876680000 - 0x00007ff876693000 	C:\Users\Lars\.jdks\temurin-1.8.0_362\jre\bin\nio.dll
0x00007ff877600000 - 0x00007ff87760a000 	C:\Users\Lars\AppData\Local\Temp\jansi-1.17.1-2158264466138063409.dll
0x00007ff875b10000 - 0x00007ff875b1a000 	C:\Users\Lars\AppData\Local\Temp\jansi-1.17.1-8810912386439761556.dll

VM Arguments:
jvm_args: -Dmaven.multiModuleProjectDirectory=D:\Lars\Coding\Importonats -Dmaven.home=D:\Program Files\JetBrains\IntelliJ IDEA Community Edition 2022.1\plugins\maven\lib\maven3 -Dclassworlds.conf=D:\Program Files\JetBrains\IntelliJ IDEA Community Edition 2022.1\plugins\maven\lib\maven3\bin\m2.conf -Dmaven.ext.class.path=D:\Program Files\JetBrains\IntelliJ IDEA Community Edition 2022.1\plugins\maven\lib\maven-event-listener.jar -javaagent:D:\Program Files\JetBrains\IntelliJ IDEA Community Edition 2022.1\lib\idea_rt.jar=58665:D:\Program Files\JetBrains\IntelliJ IDEA Community Edition 2022.1\bin -Dfile.encoding=UTF-8 
java_command: org.codehaus.classworlds.Launcher -Didea.version=2022.1 install
java_class_path (initial): D:\Program Files\JetBrains\IntelliJ IDEA Community Edition 2022.1\plugins\maven\lib\maven3\boot\plexus-classworlds-2.6.0.jar;D:\Program Files\JetBrains\IntelliJ IDEA Community Edition 2022.1\plugins\maven\lib\maven3\boot\plexus-classworlds.license;D:\Program Files\JetBrains\IntelliJ IDEA Community Edition 2022.1\lib\idea_rt.jar
Launcher Type: SUN_STANDARD

Environment Variables:
JAVA_HOME=C:\Users\Lars\.jdks\openjdk-17.0.1\bin
PATH=C:\Users\Lars\.jdks\openjdk-17.0.1\bin;C:\Program Files (x86)\Razer Chroma SDK\bin;C:\Program Files\Razer Chroma SDK\bin;C:\Program Files (x86)\Razer\ChromaBroadcast\bin;C:\Program Files\Razer\ChromaBroadcast\bin;C:\Program Files (x86)\Common Files\Oracle\Java\javapath;C:\Windows\system32;C:\Windows;C:\Windows\System32\Wbem;C:\Windows\System32\WindowsPowerShell\v1.0\;C:\Windows\System32\OpenSSH\;C:\Program Files\NVIDIA Corporation\NVIDIA NvDLISR;D:\Program Files\PuTTY\;C:\Windows\system32\config\systemprofile\AppData\Local\Microsoft\WindowsApps;C:\Program Files (x86)\NVIDIA Corporation\PhysX\Common;C:\Program Files\dotnet\;D:\Program Files\WorldPainter;C:\WINDOWS\system32;C:\WINDOWS;C:\WINDOWS\System32\Wbem;C:\WINDOWS\System32\WindowsPowerShell\v1.0\;C:\WINDOWS\System32\OpenSSH\;D:\Program Files\Git\cmd;C:\ProgramData\chocolatey\bin;C:\Users\Lars\AppData\Local\Microsoft\WindowsApps;D:\Program Files\JetBrains\PyCharm Community Edition 2021.2\bin;;D:\Users\Lars\AppData\Local\Programs\Microsoft VS Code\bin
USERNAME=Lars
OS=Windows_NT
PROCESSOR_IDENTIFIER=AMD64 Family 25 Model 80 Stepping 0, AuthenticAMD



---------------  S Y S T E M  ---------------

OS: Windows 10 , 64 bit Build 19041 (10.0.19041.2546)

CPU:total 16 (initial active 16) (16 cores per cpu, 1 threads per core) family 25 model 80 stepping 0, cmov, cx8, fxsr, mmx, sse, sse2, sse3, ssse3, sse4.1, sse4.2, popcnt, avx, avx2, aes, clmul, erms, mmxext, 3dnowpref, lzcnt, sse4a, tsc, tscinvbit, tscinv, bmi1

Memory: 4k page, physical 29250652k(14580020k free), swap 34620260k(5128k free)

vm_info: OpenJDK 64-Bit Server VM (25.362-b09) for windows-amd64 JRE (1.8.0_362-b09), built on Jan 18 2023 17:11:58 by "jenkins" with MS VC++ 15.9 (VS2017)

time: Mon Mar 27 16:46:48 2023
timezone: Mitteleuropäische Sommerzeit
elapsed time: 0.714033 seconds (0d 0h 0m 0s)

