#
# There is insufficient memory for the Java Runtime Environment to continue.
# Native memory allocation (malloc) failed to allocate 945616 bytes for Chunk::new
# Possible reasons:
#   The system is out of physical RAM or swap space
#   The process is running with CompressedOops enabled, and the Java Heap may be blocking the growth of the native heap
# Possible solutions:
#   Reduce memory load on the system
#   Increase physical memory or swap space
#   Check if swap backing store is full
#   Decrease Java heap size (-Xmx/-Xms)
#   Decrease number of Java threads
#   Decrease Java thread stack sizes (-Xss)
#   Set larger code cache with -XX:ReservedCodeCacheSize=
#   JVM is running with Zero Based Compressed Oops mode in which the Java heap is
#     placed in the first 32GB address space. The Java Heap base address is the
#     maximum limit for the native heap growth. Please use -XX:HeapBaseMinAddress
#     to set the Java Heap base and to place the Java Heap above 32GB virtual address.
# This output file may be truncated or incomplete.
#
#  Out of Memory Error (allocation.cpp:389), pid=26568, tid=0x0000000000001494
#
# JRE version: OpenJDK Runtime Environment (8.0_362-b09) (build 1.8.0_362-b09)
# Java VM: OpenJDK 64-Bit Server VM (25.362-b09 mixed mode windows-amd64 compressed oops)
# Failed to write core dump. Minidumps are not enabled by default on client versions of Windows
#

---------------  T H R E A D  ---------------

Current thread (0x0000024a69a59800):  JavaThread "C2 CompilerThread3" daemon [_thread_in_native, id=5268, stack(0x000000f8e7400000,0x000000f8e7500000)]

Stack: [0x000000f8e7400000,0x000000f8e7500000]
[error occurred during error reporting (printing stack bounds), id 0xc0000005]

Native frames: (J=compiled Java code, j=interpreted, Vv=VM code, C=native code)


Current CompileTask:
C2:   1731 2744       4       java.net.URLClassLoader$1::run (5 bytes)


---------------  P R O C E S S  ---------------

Java Threads: ( => current thread )
  0x0000024a69b20000 JavaThread "Service Thread" daemon [_thread_blocked, id=17288, stack(0x000000f8e7d00000,0x000000f8e7e00000)]
  0x0000024a69ac6000 JavaThread "C1 CompilerThread11" daemon [_thread_blocked, id=20624, stack(0x000000f8e7c00000,0x000000f8e7d00000)]
  0x0000024a69ac4800 JavaThread "C1 CompilerThread10" daemon [_thread_blocked, id=25724, stack(0x000000f8e7b00000,0x000000f8e7c00000)]
  0x0000024a69ac4000 JavaThread "C1 CompilerThread9" daemon [_thread_blocked, id=9860, stack(0x000000f8e7a00000,0x000000f8e7b00000)]
  0x0000024a69ab4800 JavaThread "C1 CompilerThread8" daemon [_thread_blocked, id=25492, stack(0x000000f8e7900000,0x000000f8e7a00000)]
  0x0000024a69a7a800 JavaThread "C2 CompilerThread7" daemon [_thread_blocked, id=4940, stack(0x000000f8e7800000,0x000000f8e7900000)]
  0x0000024a69a77800 JavaThread "C2 CompilerThread6" daemon [_thread_blocked, id=11516, stack(0x000000f8e7700000,0x000000f8e7800000)]
  0x0000024a69a6c800 JavaThread "C2 CompilerThread5" daemon [_thread_blocked, id=16144, stack(0x000000f8e7600000,0x000000f8e7700000)]
  0x0000024a69a63800 JavaThread "C2 CompilerThread4" daemon [_thread_blocked, id=4784, stack(0x000000f8e7500000,0x000000f8e7600000)]
=>0x0000024a69a59800 JavaThread "C2 CompilerThread3" daemon [_thread_in_native, id=5268, stack(0x000000f8e7400000,0x000000f8e7500000)]
  0x0000024a69a58000 JavaThread "C2 CompilerThread2" daemon [_thread_blocked, id=16876, stack(0x000000f8e7300000,0x000000f8e7400000)]
  0x0000024a69a54000 JavaThread "C2 CompilerThread1" daemon [_thread_blocked, id=9976, stack(0x000000f8e7200000,0x000000f8e7300000)]
  0x0000024a69a52000 JavaThread "C2 CompilerThread0" daemon [_thread_in_native, id=21676, stack(0x000000f8e7100000,0x000000f8e7200000)]
  0x0000024a69a4f000 JavaThread "Monitor Ctrl-Break" daemon [_thread_in_native, id=9964, stack(0x000000f8e7000000,0x000000f8e7100000)]
  0x0000024a699ce800 JavaThread "Attach Listener" daemon [_thread_blocked, id=6308, stack(0x000000f8e6f00000,0x000000f8e7000000)]
  0x0000024a699cb800 JavaThread "Signal Dispatcher" daemon [_thread_blocked, id=21228, stack(0x000000f8e6e00000,0x000000f8e6f00000)]
  0x0000024a66cdb800 JavaThread "Finalizer" daemon [_thread_blocked, id=25844, stack(0x000000f8e6d00000,0x000000f8e6e00000)]
  0x0000024a699b0800 JavaThread "Reference Handler" daemon [_thread_blocked, id=26588, stack(0x000000f8e6c00000,0x000000f8e6d00000)]
  0x0000024a44f3b000 JavaThread "main" [_thread_in_native, id=7868, stack(0x000000f8e5d00000,0x000000f8e5e00000)]

Other Threads:
  0x0000024a66cc8000 VMThread [stack: 0x000000f8e6b00000,0x000000f8e6c00000] [id=17600]
  0x0000024a69b26800 WatcherThread [stack: 0x000000f8e7e00000,0x000000f8e7f00000] [id=19328]

VM state:not at safepoint (normal execution)

VM Mutex/Monitor currently owned by a thread: None

heap address: 0x0000000601a00000, size: 7142 MB, Compressed Oops mode: Zero based, Oop shift amount: 3
Narrow klass base: 0x0000000000000000, Narrow klass shift: 3
Compressed class space size: 1073741824 Address: 0x00000007c0000000

Heap:
 PSYoungGen      total 133632K, used 53702K [0x000000072b380000, 0x000000073b880000, 0x00000007c0000000)
  eden space 114688K, 34% used [0x000000072b380000,0x000000072da0f288,0x0000000732380000)
  from space 18944K, 75% used [0x0000000732380000,0x00000007331625b0,0x0000000733600000)
  to   space 18944K, 0% used [0x000000073a600000,0x000000073a600000,0x000000073b880000)
 ParOldGen       total 306176K, used 24K [0x0000000601a00000, 0x0000000614500000, 0x000000072b380000)
  object space 306176K, 0% used [0x0000000601a00000,0x0000000601a06000,0x0000000614500000)
 Metaspace       used 17004K, capacity 17338K, committed 17536K, reserved 1064960K
  class space    used 2011K, capacity 2114K, committed 2176K, reserved 1048576K

Card table byte_map: [0x0000024a55ce0000,0x0000024a56ae0000] byte_map_base: 0x0000024a52cd3000

Marking Bits: (ParMarkBitMap*) 0x000000006106f7f0
 Begin Bits: [0x0000024a57430000, 0x0000024a5e3c8000)
 End Bits:   [0x0000024a5e3c8000, 0x0000024a65360000)

Polling page: 0x0000024a450e0000

CodeCache: size=245760Kb used=11034Kb max_used=11035Kb free=234726Kb
 bounds [0x0000024a46920000, 0x0000024a47400000, 0x0000024a55920000]
 total_blobs=3173 nmethods=2803 adapters=280
 compilation: enabled

Compilation events (10 events):
Event: 1.726 Thread 0x0000024a69ac4800 nmethod 2796 0x0000024a473d9a50 code [0x0000024a473d9ba0, 0x0000024a473d9cb8]
Event: 1.727 Thread 0x0000024a69a77800 nmethod 2794 0x0000024a473ee610 code [0x0000024a473ee760, 0x0000024a473ee9e8]
Event: 1.727 Thread 0x0000024a69ac6000 2797       1       java.util.Collections$EmptyList::size (2 bytes)
Event: 1.727 Thread 0x0000024a69ac6000 nmethod 2797 0x0000024a473efe10 code [0x0000024a473eff60, 0x0000024a473f0078]
Event: 1.727 Thread 0x0000024a69ab4800 2798       3       org.codehaus.plexus.configuration.DefaultPlexusConfiguration::getAttribute (14 bytes)
Event: 1.727 Thread 0x0000024a69ac4000 2799       3       org.slf4j.impl.SimpleLogger::isDebugEnabled (7 bytes)
Event: 1.727 Thread 0x0000024a69ab4800 nmethod 2798 0x0000024a473ef890 code [0x0000024a473efa00, 0x0000024a473efd10]
Event: 1.727 Thread 0x0000024a69ac4000 nmethod 2799 0x0000024a473ef3d0 code [0x0000024a473ef540, 0x0000024a473ef7d8]
Event: 1.727 Thread 0x0000024a69a77800 2800       4       java.util.TreeMap$PrivateEntryIterator::hasNext (13 bytes)
Event: 1.727 Thread 0x0000024a69a77800 nmethod 2800 0x0000024a473ee3d0 code [0x0000024a473ee500, 0x0000024a473ee578]

GC Heap History (2 events):
Event: 1.360 GC heap before
{Heap before GC invocations=1 (full 0):
 PSYoungGen      total 133632K, used 114688K [0x000000072b380000, 0x0000000734880000, 0x00000007c0000000)
  eden space 114688K, 100% used [0x000000072b380000,0x0000000732380000,0x0000000732380000)
  from space 18944K, 0% used [0x0000000733600000,0x0000000733600000,0x0000000734880000)
  to   space 18944K, 0% used [0x0000000732380000,0x0000000732380000,0x0000000733600000)
 ParOldGen       total 306176K, used 0K [0x0000000601a00000, 0x0000000614500000, 0x000000072b380000)
  object space 306176K, 0% used [0x0000000601a00000,0x0000000601a00000,0x0000000614500000)
 Metaspace       used 15780K, capacity 16042K, committed 16384K, reserved 1062912K
  class space    used 1898K, capacity 2006K, committed 2048K, reserved 1048576K
Event: 1.374 GC heap after
Heap after GC invocations=1 (full 0):
 PSYoungGen      total 133632K, used 14217K [0x000000072b380000, 0x000000073b880000, 0x00000007c0000000)
  eden space 114688K, 0% used [0x000000072b380000,0x000000072b380000,0x0000000732380000)
  from space 18944K, 75% used [0x0000000732380000,0x00000007331625b0,0x0000000733600000)
  to   space 18944K, 0% used [0x000000073a600000,0x000000073a600000,0x000000073b880000)
 ParOldGen       total 306176K, used 24K [0x0000000601a00000, 0x0000000614500000, 0x000000072b380000)
  object space 306176K, 0% used [0x0000000601a00000,0x0000000601a06000,0x0000000614500000)
 Metaspace       used 15780K, capacity 16042K, committed 16384K, reserved 1062912K
  class space    used 1898K, capacity 2006K, committed 2048K, reserved 1048576K
}

Deoptimization events (10 events):
Event: 1.499 Thread 0x0000024a44f3b000 Uncommon trap: reason=unstable_if action=reinterpret pc=0x0000024a46e87bd0 method=java.lang.String.regionMatches(ZILjava/lang/String;II)Z @ 25
Event: 1.507 Thread 0x0000024a44f3b000 Uncommon trap: reason=unstable_if action=reinterpret pc=0x0000024a46ef0528 method=java.util.HashMap.hash(Ljava/lang/Object;)I @ 1
Event: 1.508 Thread 0x0000024a44f3b000 Uncommon trap: reason=unstable_if action=reinterpret pc=0x0000024a46e7d328 method=java.util.HashMap.hash(Ljava/lang/Object;)I @ 1
Event: 1.508 Thread 0x0000024a44f3b000 Uncommon trap: reason=unstable_if action=reinterpret pc=0x0000024a46eec1d4 method=java.util.HashMap.getNode(ILjava/lang/Object;)Ljava/util/HashMap$Node; @ 53
Event: 1.675 Thread 0x0000024a44f3b000 Uncommon trap: reason=unstable_if action=reinterpret pc=0x0000024a4712f238 method=sun.net.www.protocol.jar.Handler.parseURL(Ljava/net/URL;Ljava/lang/String;II)V @ 116
Event: 1.687 Thread 0x0000024a44f3b000 Uncommon trap: reason=class_check action=maybe_recompile pc=0x0000024a470bb90c method=com.google.inject.internal.LinkedBindingImpl.acceptTargetVisitor(Lcom/google/inject/spi/BindingTargetVisitor;)Ljava/lang/Object; @ 2
Event: 1.687 Thread 0x0000024a44f3b000 Uncommon trap: reason=class_check action=maybe_recompile pc=0x0000024a470bb90c method=com.google.inject.internal.LinkedBindingImpl.acceptTargetVisitor(Lcom/google/inject/spi/BindingTargetVisitor;)Ljava/lang/Object; @ 2
Event: 1.696 Thread 0x0000024a44f3b000 Uncommon trap: reason=predicate action=maybe_recompile pc=0x0000024a473c0e18 method=java.util.TimSort.binarySort([Ljava/lang/Object;IIILjava/util/Comparator;)V @ 37
Event: 1.703 Thread 0x0000024a44f3b000 Uncommon trap: reason=class_check action=maybe_recompile pc=0x0000024a470bb90c method=com.google.inject.internal.LinkedBindingImpl.acceptTargetVisitor(Lcom/google/inject/spi/BindingTargetVisitor;)Ljava/lang/Object; @ 2
Event: 1.703 Thread 0x0000024a44f3b000 Uncommon trap: reason=class_check action=maybe_recompile pc=0x0000024a470bb90c method=com.google.inject.internal.LinkedBindingImpl.acceptTargetVisitor(Lcom/google/inject/spi/BindingTargetVisitor;)Ljava/lang/Object; @ 2

Classes redefined (0 events):
No events

Internal exceptions (10 events):
Event: 0.179 Thread 0x0000024a44f3b000 Exception <a 'java/security/PrivilegedActionException'> (0x000000072bc43a48) thrown at [J:\jenkins\tmp\workspace\build\src\hotspot\src\share\vm\prims\jvm.cpp, line 1514]
Event: 0.179 Thread 0x0000024a44f3b000 Exception <a 'java/security/PrivilegedActionException'> (0x000000072bc46c38) thrown at [J:\jenkins\tmp\workspace\build\src\hotspot\src\share\vm\prims\jvm.cpp, line 1514]
Event: 0.179 Thread 0x0000024a44f3b000 Exception <a 'java/security/PrivilegedActionException'> (0x000000072bc47030) thrown at [J:\jenkins\tmp\workspace\build\src\hotspot\src\share\vm\prims\jvm.cpp, line 1514]
Event: 1.157 Thread 0x0000024a44f3b000 Exception <a 'java/lang/NoClassDefFoundError': com/google/inject/servlet/ServletModuleTargetVisitor> (0x0000000731372a00) thrown at [J:\jenkins\tmp\workspace\build\src\hotspot\src\share\vm\classfile\systemDictionary.cpp, line 206]
Event: 1.157 Thread 0x0000024a44f3b000 Exception <a 'java/lang/NoClassDefFoundError'> (0x0000000731372a00) thrown at [J:\jenkins\tmp\workspace\build\src\hotspot\src\share\vm\prims\jvm.cpp, line 1518]
Event: 1.157 Thread 0x0000024a44f3b000 Exception <a 'java/lang/NoClassDefFoundError': javax/annotation/Priority> (0x0000000731377c30) thrown at [J:\jenkins\tmp\workspace\build\src\hotspot\src\share\vm\classfile\systemDictionary.cpp, line 206]
Event: 1.214 Thread 0x0000024a44f3b000 Implicit null exception at 0x0000024a46cbd458 to 0x0000024a46cbd641
Event: 1.414 Thread 0x0000024a44f3b000 Implicit null exception at 0x0000024a471ef1b9 to 0x0000024a471f0491
Event: 1.507 Thread 0x0000024a44f3b000 Implicit null exception at 0x0000024a46ef0315 to 0x0000024a46ef0519
Event: 1.508 Thread 0x0000024a44f3b000 Implicit null exception at 0x0000024a46e7d2af to 0x0000024a46e7d319

Events (10 events):
Event: 1.727 loading class org/codehaus/plexus/util/StringUtils
Event: 1.727 loading class org/codehaus/plexus/util/StringUtils done
Event: 1.729 loading class org/codehaus/plexus/util/FileUtils$FilterWrapper
Event: 1.729 loading class org/codehaus/plexus/util/FileUtils$FilterWrapper done
Event: 1.729 loading class org/codehaus/plexus/util/FileUtils$FilterWrapper
Event: 1.729 loading class org/codehaus/plexus/util/FileUtils$FilterWrapper done
Event: 1.730 loading class org/apache/maven/shared/filtering/MavenResourcesExecution$4
Event: 1.730 loading class org/apache/maven/shared/filtering/MavenResourcesExecution$4 done
Event: 1.730 loading class org/apache/maven/shared/filtering/MavenResourcesExecution$4
Event: 1.730 loading class org/apache/maven/shared/filtering/MavenResourcesExecution$4 done


Dynamic libraries:
0x00007ff69d7b0000 - 0x00007ff69d7f5000 	C:\Users\Lars\.jdks\temurin-1.8.0_362\bin\java.exe
0x00007ff89f930000 - 0x00007ff89fb28000 	C:\WINDOWS\SYSTEM32\ntdll.dll
0x00007ff871b10000 - 0x00007ff871b29000 	D:\Program Files\Avast Software\Avast\aswhook.dll
0x00007ff89f520000 - 0x00007ff89f5df000 	C:\WINDOWS\System32\KERNEL32.DLL
0x00007ff89d4a0000 - 0x00007ff89d772000 	C:\WINDOWS\System32\KERNELBASE.dll
0x00007ff89e8a0000 - 0x00007ff89e94e000 	C:\WINDOWS\System32\ADVAPI32.dll
0x00007ff89e800000 - 0x00007ff89e89e000 	C:\WINDOWS\System32\msvcrt.dll
0x00007ff89f5e0000 - 0x00007ff89f67c000 	C:\WINDOWS\System32\sechost.dll
0x00007ff89f090000 - 0x00007ff89f1b4000 	C:\WINDOWS\System32\RPCRT4.dll
0x00007ff89da70000 - 0x00007ff89dc11000 	C:\WINDOWS\System32\USER32.dll
0x00007ff89d470000 - 0x00007ff89d492000 	C:\WINDOWS\System32\win32u.dll
0x00007ff89f050000 - 0x00007ff89f07b000 	C:\WINDOWS\System32\GDI32.dll
0x00007ff89d360000 - 0x00007ff89d46f000 	C:\WINDOWS\System32\gdi32full.dll
0x00007ff89d2c0000 - 0x00007ff89d35d000 	C:\WINDOWS\System32\msvcp_win.dll
0x00007ff89d1c0000 - 0x00007ff89d2c0000 	C:\WINDOWS\System32\ucrtbase.dll
0x00007ff88a6c0000 - 0x00007ff88a95a000 	C:\WINDOWS\WinSxS\amd64_microsoft.windows.common-controls_6595b64144ccf1df_6.0.19041.1110_none_60b5254171f9507e\COMCTL32.dll
0x00007ff89ea00000 - 0x00007ff89ea30000 	C:\WINDOWS\System32\IMM32.DLL
0x00007ff880020000 - 0x00007ff880035000 	C:\Users\Lars\.jdks\temurin-1.8.0_362\jre\bin\vcruntime140.dll
0x00007ff874390000 - 0x00007ff87442b000 	C:\Users\Lars\.jdks\temurin-1.8.0_362\jre\bin\msvcp140.dll
0x0000000060890000 - 0x00000000610e8000 	C:\Users\Lars\.jdks\temurin-1.8.0_362\jre\bin\server\jvm.dll
0x00007ff89f510000 - 0x00007ff89f518000 	C:\WINDOWS\System32\PSAPI.DLL
0x00007ff8861c0000 - 0x00007ff8861c9000 	C:\WINDOWS\SYSTEM32\WSOCK32.dll
0x00007ff893180000 - 0x00007ff89318a000 	C:\WINDOWS\SYSTEM32\VERSION.dll
0x00007ff892ee0000 - 0x00007ff892f07000 	C:\WINDOWS\SYSTEM32\WINMM.dll
0x00007ff89f1c0000 - 0x00007ff89f22b000 	C:\WINDOWS\System32\WS2_32.dll
0x00007ff89b890000 - 0x00007ff89b8a2000 	C:\WINDOWS\SYSTEM32\kernel.appcore.dll
0x00007ff880b10000 - 0x00007ff880b20000 	C:\Users\Lars\.jdks\temurin-1.8.0_362\jre\bin\verify.dll
0x00007ff875bf0000 - 0x00007ff875c1b000 	C:\Users\Lars\.jdks\temurin-1.8.0_362\jre\bin\java.dll
0x00007ff863eb0000 - 0x00007ff863ee0000 	C:\Users\Lars\.jdks\temurin-1.8.0_362\jre\bin\instrument.dll
0x00007ff8799f0000 - 0x00007ff879a08000 	C:\Users\Lars\.jdks\temurin-1.8.0_362\jre\bin\zip.dll
0x00007ff89dc20000 - 0x00007ff89e365000 	C:\WINDOWS\System32\SHELL32.dll
0x00007ff89acb0000 - 0x00007ff89b442000 	C:\WINDOWS\SYSTEM32\windows.storage.dll
0x00007ff89e370000 - 0x00007ff89e6c5000 	C:\WINDOWS\System32\combase.dll
0x00007ff89ca90000 - 0x00007ff89cac0000 	C:\WINDOWS\SYSTEM32\Wldp.dll
0x00007ff89e950000 - 0x00007ff89e9fd000 	C:\WINDOWS\System32\SHCORE.dll
0x00007ff89f890000 - 0x00007ff89f8e5000 	C:\WINDOWS\System32\shlwapi.dll
0x00007ff89cf70000 - 0x00007ff89cf8f000 	C:\WINDOWS\SYSTEM32\profapi.dll
0x00007ff86e810000 - 0x00007ff86e82a000 	D:\Program Files\JetBrains\IntelliJ IDEA Community Edition 2022.1\bin\breakgen64.dll
0x00007ff877b00000 - 0x00007ff877b1c000 	C:\Users\Lars\.jdks\temurin-1.8.0_362\jre\bin\net.dll
0x00007ff89c7f0000 - 0x00007ff89c85a000 	C:\WINDOWS\system32\mswsock.dll
0x00007ff89c9e0000 - 0x00007ff89c9f8000 	C:\WINDOWS\SYSTEM32\CRYPTSP.dll
0x00007ff89c0a0000 - 0x00007ff89c0d4000 	C:\WINDOWS\system32\rsaenh.dll
0x00007ff89d030000 - 0x00007ff89d057000 	C:\WINDOWS\System32\bcrypt.dll
0x00007ff89cf30000 - 0x00007ff89cf5e000 	C:\WINDOWS\SYSTEM32\USERENV.dll
0x00007ff89d7f0000 - 0x00007ff89d872000 	C:\WINDOWS\System32\bcryptprimitives.dll
0x00007ff89ca00000 - 0x00007ff89ca0c000 	C:\WINDOWS\SYSTEM32\CRYPTBASE.dll
0x00007ff89c490000 - 0x00007ff89c4cb000 	C:\WINDOWS\SYSTEM32\IPHLPAPI.DLL
0x00007ff89f880000 - 0x00007ff89f888000 	C:\WINDOWS\System32\NSI.dll
0x00007ff895e40000 - 0x00007ff895e57000 	C:\WINDOWS\SYSTEM32\dhcpcsvc6.DLL
0x00007ff896230000 - 0x00007ff89624d000 	C:\WINDOWS\SYSTEM32\dhcpcsvc.DLL
0x00007ff89c4e0000 - 0x00007ff89c5ab000 	C:\WINDOWS\SYSTEM32\DNSAPI.dll
0x00007ff876680000 - 0x00007ff876693000 	C:\Users\Lars\.jdks\temurin-1.8.0_362\jre\bin\nio.dll
0x00007ff87df90000 - 0x00007ff87df9a000 	C:\Users\Lars\AppData\Local\Temp\jansi-1.17.1-7262320959538785829.dll
0x00007ff877600000 - 0x00007ff87760a000 	C:\Users\Lars\AppData\Local\Temp\jansi-1.17.1-736092382974393579.dll

VM Arguments:
jvm_args: -Dmaven.multiModuleProjectDirectory=D:\Lars\Coding\Importonats -Dmaven.home=D:\Program Files\JetBrains\IntelliJ IDEA Community Edition 2022.1\plugins\maven\lib\maven3 -Dclassworlds.conf=D:\Program Files\JetBrains\IntelliJ IDEA Community Edition 2022.1\plugins\maven\lib\maven3\bin\m2.conf -Dmaven.ext.class.path=D:\Program Files\JetBrains\IntelliJ IDEA Community Edition 2022.1\plugins\maven\lib\maven-event-listener.jar -javaagent:D:\Program Files\JetBrains\IntelliJ IDEA Community Edition 2022.1\lib\idea_rt.jar=61528:D:\Program Files\JetBrains\IntelliJ IDEA Community Edition 2022.1\bin -Dfile.encoding=UTF-8 
java_command: org.codehaus.classworlds.Launcher -Didea.version=2022.1 install
java_class_path (initial): D:\Program Files\JetBrains\IntelliJ IDEA Community Edition 2022.1\plugins\maven\lib\maven3\boot\plexus-classworlds-2.6.0.jar;D:\Program Files\JetBrains\IntelliJ IDEA Community Edition 2022.1\plugins\maven\lib\maven3\boot\plexus-classworlds.license;D:\Program Files\JetBrains\IntelliJ IDEA Community Edition 2022.1\lib\idea_rt.jar
Launcher Type: SUN_STANDARD

Environment Variables:
JAVA_HOME=C:\Users\Lars\.jdks\openjdk-17.0.1\bin
PATH=C:\Users\Lars\.jdks\openjdk-17.0.1\bin;C:\Program Files (x86)\Razer Chroma SDK\bin;C:\Program Files\Razer Chroma SDK\bin;C:\Program Files (x86)\Razer\ChromaBroadcast\bin;C:\Program Files\Razer\ChromaBroadcast\bin;C:\Program Files (x86)\Common Files\Oracle\Java\javapath;C:\Windows\system32;C:\Windows;C:\Windows\System32\Wbem;C:\Windows\System32\WindowsPowerShell\v1.0\;C:\Windows\System32\OpenSSH\;C:\Program Files\NVIDIA Corporation\NVIDIA NvDLISR;D:\Program Files\PuTTY\;C:\Windows\system32\config\systemprofile\AppData\Local\Microsoft\WindowsApps;C:\Program Files (x86)\NVIDIA Corporation\PhysX\Common;C:\Program Files\dotnet\;D:\Program Files\WorldPainter;C:\WINDOWS\system32;C:\WINDOWS;C:\WINDOWS\System32\Wbem;C:\WINDOWS\System32\WindowsPowerShell\v1.0\;C:\WINDOWS\System32\OpenSSH\;D:\Program Files\Git\cmd;C:\ProgramData\chocolatey\bin;C:\Users\Lars\AppData\Local\Microsoft\WindowsApps;D:\Program Files\JetBrains\PyCharm Community Edition 2021.2\bin;;D:\Users\Lars\AppData\Local\Programs\Microsoft VS Code\bin
USERNAME=Lars
OS=Windows_NT
PROCESSOR_IDENTIFIER=AMD64 Family 25 Model 80 Stepping 0, AuthenticAMD



---------------  S Y S T E M  ---------------

OS: Windows 10 , 64 bit Build 19041 (10.0.19041.2546)

CPU:total 16 (initial active 16) (16 cores per cpu, 1 threads per core) family 25 model 80 stepping 0, cmov, cx8, fxsr, mmx, sse, sse2, sse3, ssse3, sse4.1, sse4.2, popcnt, avx, avx2, aes, clmul, erms, mmxext, 3dnowpref, lzcnt, sse4a, tsc, tscinvbit, tscinv, bmi1

Memory: 4k page, physical 29250652k(13730096k free), swap 34620068k(7664k free)

vm_info: OpenJDK 64-Bit Server VM (25.362-b09) for windows-amd64 JRE (1.8.0_362-b09), built on Jan 18 2023 17:11:58 by "jenkins" with MS VC++ 15.9 (VS2017)

time: Mon Mar 27 17:28:44 2023
timezone: Mitteleuropäische Sommerzeit
elapsed time: 1.735832 seconds (0d 0h 0m 1s)

