#
# There is insufficient memory for the Java Runtime Environment to continue.
# Native memory allocation (malloc) failed to allocate 792576 bytes for Chunk::new
# Possible reasons:
#   The system is out of physical RAM or swap space
#   The process is running with CompressedOops enabled, and the Java Heap may be blocking the growth of the native heap
# Possible solutions:
#   Reduce memory load on the system
#   Increase physical memory or swap space
#   Check if swap backing store is full
#   Decrease Java heap size (-Xmx/-Xms)
#   Decrease number of Java threads
#   Decrease Java thread stack sizes (-Xss)
#   Set larger code cache with -XX:ReservedCodeCacheSize=
#   JVM is running with Zero Based Compressed Oops mode in which the Java heap is
#     placed in the first 32GB address space. The Java Heap base address is the
#     maximum limit for the native heap growth. Please use -XX:HeapBaseMinAddress
#     to set the Java Heap base and to place the Java Heap above 32GB virtual address.
# This output file may be truncated or incomplete.
#
#  Out of Memory Error (allocation.cpp:389), pid=19540, tid=0x000000000000527c
#
# JRE version: OpenJDK Runtime Environment (8.0_362-b09) (build 1.8.0_362-b09)
# Java VM: OpenJDK 64-Bit Server VM (25.362-b09 mixed mode windows-amd64 compressed oops)
# Failed to write core dump. Minidumps are not enabled by default on client versions of Windows
#

---------------  T H R E A D  ---------------

Current thread (0x000001d037edd000):  JavaThread "C2 CompilerThread2" daemon [_thread_in_native, id=21116, stack(0x000000b899500000,0x000000b899600000)]

Stack: [0x000000b899500000,0x000000b899600000]
[error occurred during error reporting (printing stack bounds), id 0xc0000005]

Native frames: (J=compiled Java code, j=interpreted, Vv=VM code, C=native code)


Current CompileTask:
C2:   1155 1727       4       java.net.URLClassLoader$1::run (5 bytes)


---------------  P R O C E S S  ---------------

Java Threads: ( => current thread )
  0x000001d037fb3000 JavaThread "Service Thread" daemon [_thread_blocked, id=23392, stack(0x000000b899f00000,0x000000b89a000000)]
  0x000001d037ef2800 JavaThread "C1 CompilerThread11" daemon [_thread_in_vm, id=23264, stack(0x000000b899e00000,0x000000b899f00000)]
  0x000001d037ef2000 JavaThread "C1 CompilerThread10" daemon [_thread_blocked, id=7044, stack(0x000000b899d00000,0x000000b899e00000)]
  0x000001d037eef800 JavaThread "C1 CompilerThread9" daemon [_thread_blocked, id=16648, stack(0x000000b899c00000,0x000000b899d00000)]
  0x000001d037ef3800 JavaThread "C1 CompilerThread8" daemon [_thread_blocked, id=26600, stack(0x000000b899b00000,0x000000b899c00000)]
  0x000001d037ef1000 JavaThread "C2 CompilerThread7" daemon [_thread_blocked, id=12492, stack(0x000000b899a00000,0x000000b899b00000)]
  0x000001d037ef0800 JavaThread "C2 CompilerThread6" daemon [_thread_blocked, id=11540, stack(0x000000b899900000,0x000000b899a00000)]
  0x000001d037ef6800 JavaThread "C2 CompilerThread5" daemon [_thread_blocked, id=7780, stack(0x000000b899800000,0x000000b899900000)]
  0x000001d037ee9000 JavaThread "C2 CompilerThread4" daemon [_thread_blocked, id=22040, stack(0x000000b899700000,0x000000b899800000)]
  0x000001d037ee2000 JavaThread "C2 CompilerThread3" daemon [_thread_blocked, id=18796, stack(0x000000b899600000,0x000000b899700000)]
=>0x000001d037edd000 JavaThread "C2 CompilerThread2" daemon [_thread_in_native, id=21116, stack(0x000000b899500000,0x000000b899600000)]
  0x000001d037ed9000 JavaThread "C2 CompilerThread1" daemon [_thread_blocked, id=19840, stack(0x000000b899400000,0x000000b899500000)]
  0x000001d037ed7000 JavaThread "C2 CompilerThread0" daemon [_thread_in_native, id=22604, stack(0x000000b899300000,0x000000b899400000)]
  0x000001d037ed4000 JavaThread "Monitor Ctrl-Break" daemon [_thread_in_native, id=25012, stack(0x000000b899200000,0x000000b899300000)]
  0x000001d037e4a000 JavaThread "Attach Listener" daemon [_thread_blocked, id=25668, stack(0x000000b899100000,0x000000b899200000)]
  0x000001d037e50000 JavaThread "Signal Dispatcher" daemon [_thread_blocked, id=1776, stack(0x000000b899000000,0x000000b899100000)]
  0x000001d035144800 JavaThread "Finalizer" daemon [_thread_blocked, id=25904, stack(0x000000b898f00000,0x000000b899000000)]
  0x000001d037e30800 JavaThread "Reference Handler" daemon [_thread_blocked, id=11036, stack(0x000000b898e00000,0x000000b898f00000)]
  0x000001d0132ca000 JavaThread "main" [_thread_in_vm, id=24812, stack(0x000000b897f00000,0x000000b898000000)]

Other Threads:
  0x000001d035130000 VMThread [stack: 0x000000b898d00000,0x000000b898e00000] [id=296]
  0x000001d037fc2800 WatcherThread [stack: 0x000000b89a000000,0x000000b89a100000] [id=5428]

VM state:not at safepoint (normal execution)

VM Mutex/Monitor currently owned by a thread: None

heap address: 0x0000000601a00000, size: 7142 MB, Compressed Oops mode: Zero based, Oop shift amount: 3
Narrow klass base: 0x0000000000000000, Narrow klass shift: 3
Compressed class space size: 1073741824 Address: 0x00000007c0000000

Heap:
 PSYoungGen      total 133632K, used 103288K [0x000000072b380000, 0x0000000734880000, 0x00000007c0000000)
  eden space 114688K, 90% used [0x000000072b380000,0x000000073185e0c0,0x0000000732380000)
  from space 18944K, 0% used [0x0000000733600000,0x0000000733600000,0x0000000734880000)
  to   space 18944K, 0% used [0x0000000732380000,0x0000000732380000,0x0000000733600000)
 ParOldGen       total 306176K, used 0K [0x0000000601a00000, 0x0000000614500000, 0x000000072b380000)
  object space 306176K, 0% used [0x0000000601a00000,0x0000000601a00000,0x0000000614500000)
 Metaspace       used 14194K, capacity 14538K, committed 14720K, reserved 1062912K
  class space    used 1742K, capacity 1846K, committed 1920K, reserved 1048576K

Card table byte_map: [0x000001d0241d0000,0x000001d024fd0000] byte_map_base: 0x000001d0211c3000

Marking Bits: (ParMarkBitMap*) 0x000000006106f7f0
 Begin Bits: [0x000001d025920000, 0x000001d02c8b8000)
 End Bits:   [0x000001d02c8b8000, 0x000001d033850000)

Polling page: 0x000001d013580000

CodeCache: size=245760Kb used=8000Kb max_used=8006Kb free=237759Kb
 bounds [0x000001d014e10000, 0x000001d0155f0000, 0x000001d023e10000]
 total_blobs=2197 nmethods=1841 adapters=266
 compilation: enabled

Compilation events (10 events):
Event: 1.149 Thread 0x000001d037ef2000 nmethod 1838 0x000001d0155e0bd0 code [0x000001d0155e0d20, 0x000001d0155e0ef8]
Event: 1.149 Thread 0x000001d037ef2800 nmethod 1837 0x000001d0155e06d0 code [0x000001d0155e0840, 0x000001d0155e0b18]
Event: 1.150 Thread 0x000001d037eef800 nmethod 1839 0x000001d0155e0150 code [0x000001d0155e02c0, 0x000001d0155e0590]
Event: 1.150 Thread 0x000001d037ef6800 nmethod 1833 0x000001d0155dfc50 code [0x000001d0155dfda0, 0x000001d0155dfff8]
Event: 1.151 Thread 0x000001d037ef3800 1840       1       java.net.URLStreamHandler::getDefaultPort (2 bytes)
Event: 1.151 Thread 0x000001d037ef3800 nmethod 1840 0x000001d0155df990 code [0x000001d0155dfae0, 0x000001d0155dfbf8]
Event: 1.153 Thread 0x000001d037ef2000 1841       3       java.io.BufferedWriter::ensureOpen (18 bytes)
Event: 1.153 Thread 0x000001d037ee9000 1842       4       java.nio.charset.CoderResult::isOverflow (14 bytes)
Event: 1.153 Thread 0x000001d037ef2000 nmethod 1841 0x000001d0155e4b10 code [0x000001d0155e4c80, 0x000001d0155e4ed0]
Event: 1.154 Thread 0x000001d037ee9000 nmethod 1842 0x000001d0155e3410 code [0x000001d0155e3540, 0x000001d0155e35b8]

GC Heap History (0 events):
No events

Deoptimization events (10 events):
Event: 0.693 Thread 0x000001d0132ca000 Uncommon trap: reason=unstable_if action=reinterpret pc=0x000001d0152ec154 method=sun.nio.cs.StreamDecoder.implRead([CII)I @ 197
Event: 0.695 Thread 0x000001d0132ca000 Uncommon trap: reason=unstable_if action=reinterpret pc=0x000001d0152dc3dc method=sun.nio.cs.StreamDecoder.implRead([CII)I @ 197
Event: 0.696 Thread 0x000001d0132ca000 Uncommon trap: reason=unstable_if action=reinterpret pc=0x000001d0152f6c14 method=sun.nio.cs.StreamDecoder.implRead([CII)I @ 197
Event: 0.697 Thread 0x000001d0132ca000 Uncommon trap: reason=unstable_if action=reinterpret pc=0x000001d0152e67ec method=sun.nio.cs.StreamDecoder.implRead([CII)I @ 197
Event: 0.729 Thread 0x000001d0132ca000 Uncommon trap: reason=unstable_if action=reinterpret pc=0x000001d015299298 method=java.util.HashMap.getNode(ILjava/lang/Object;)Ljava/util/HashMap$Node; @ 129
Event: 0.729 Thread 0x000001d0132ca000 Uncommon trap: reason=unstable_if action=reinterpret pc=0x000001d01529aed4 method=java.util.HashMap.getNode(ILjava/lang/Object;)Ljava/util/HashMap$Node; @ 129
Event: 1.112 Thread 0x000001d0132ca000 Uncommon trap: reason=unstable_if action=reinterpret pc=0x000001d01555fe98 method=java.lang.reflect.Modifier.isSynthetic(I)Z @ 5
Event: 1.146 Thread 0x000001d0132ca000 Uncommon trap: reason=unstable_if action=reinterpret pc=0x000001d0155b5858 method=org.eclipse.sisu.inject.InjectorBindings.isAssignableFrom(Lcom/google/inject/TypeLiteral;Lcom/google/inject/Binding;)Z @ 14
Event: 1.146 Thread 0x000001d0132ca000 Uncommon trap: reason=null_check action=make_not_entrant pc=0x000001d0151b6750 method=java.lang.String.equals(Ljava/lang/Object;)Z @ 8
Event: 1.150 Thread 0x000001d0132ca000 Uncommon trap: reason=unstable_if action=reinterpret pc=0x000001d0154e4c4c method=sun.misc.MetaIndex.mayContain(Ljava/lang/String;)Z @ 38

Classes redefined (0 events):
No events

Internal exceptions (10 events):
Event: 0.062 Thread 0x000001d0132ca000 Exception <a 'java/security/PrivilegedActionException'> (0x000000072b410e18) thrown at [J:\jenkins\tmp\workspace\build\src\hotspot\src\share\vm\prims\jvm.cpp, line 1514]
Event: 0.062 Thread 0x000001d0132ca000 Exception <a 'java/security/PrivilegedActionException'> (0x000000072b411028) thrown at [J:\jenkins\tmp\workspace\build\src\hotspot\src\share\vm\prims\jvm.cpp, line 1514]
Event: 0.156 Thread 0x000001d0132ca000 Exception <a 'java/security/PrivilegedActionException'> (0x000000072bc43a38) thrown at [J:\jenkins\tmp\workspace\build\src\hotspot\src\share\vm\prims\jvm.cpp, line 1514]
Event: 0.156 Thread 0x000001d0132ca000 Exception <a 'java/security/PrivilegedActionException'> (0x000000072bc43e30) thrown at [J:\jenkins\tmp\workspace\build\src\hotspot\src\share\vm\prims\jvm.cpp, line 1514]
Event: 0.157 Thread 0x000001d0132ca000 Exception <a 'java/security/PrivilegedActionException'> (0x000000072bc47020) thrown at [J:\jenkins\tmp\workspace\build\src\hotspot\src\share\vm\prims\jvm.cpp, line 1514]
Event: 0.157 Thread 0x000001d0132ca000 Exception <a 'java/security/PrivilegedActionException'> (0x000000072bc47418) thrown at [J:\jenkins\tmp\workspace\build\src\hotspot\src\share\vm\prims\jvm.cpp, line 1514]
Event: 1.087 Thread 0x000001d0132ca000 Exception <a 'java/lang/NoClassDefFoundError': com/google/inject/servlet/ServletModuleTargetVisitor> (0x0000000731317808) thrown at [J:\jenkins\tmp\workspace\build\src\hotspot\src\share\vm\classfile\systemDictionary.cpp, line 206]
Event: 1.087 Thread 0x000001d0132ca000 Exception <a 'java/lang/NoClassDefFoundError'> (0x0000000731317808) thrown at [J:\jenkins\tmp\workspace\build\src\hotspot\src\share\vm\prims\jvm.cpp, line 1518]
Event: 1.087 Thread 0x000001d0132ca000 Exception <a 'java/lang/NoClassDefFoundError': javax/annotation/Priority> (0x000000073131ca38) thrown at [J:\jenkins\tmp\workspace\build\src\hotspot\src\share\vm\classfile\systemDictionary.cpp, line 206]
Event: 1.146 Thread 0x000001d0132ca000 Implicit null exception at 0x000001d0151b6558 to 0x000001d0151b6741

Events (10 events):
Event: 1.152 loading class java/util/Formatter$FormatSpecifier
Event: 1.152 loading class java/util/Formatter$FormatSpecifier done
Event: 1.152 loading class java/util/Formatter$Flags
Event: 1.152 loading class java/util/Formatter$Flags done
Event: 1.152 loading class java/util/Formatter$Conversion
Event: 1.152 loading class java/util/Formatter$Conversion done
Event: 1.153 loading class java/util/Formattable
Event: 1.153 loading class java/util/Formattable done
Event: 1.153 loading class org/apache/maven/building/FileSource
Event: 1.153 loading class org/apache/maven/building/FileSource done


Dynamic libraries:
0x00007ff69d7b0000 - 0x00007ff69d7f5000 	C:\Users\Lars\.jdks\temurin-1.8.0_362\bin\java.exe
0x00007ff89f930000 - 0x00007ff89fb28000 	C:\WINDOWS\SYSTEM32\ntdll.dll
0x00007ff871b10000 - 0x00007ff871b29000 	D:\Program Files\Avast Software\Avast\aswhook.dll
0x00007ff89f520000 - 0x00007ff89f5df000 	C:\WINDOWS\System32\KERNEL32.DLL
0x00007ff89d4a0000 - 0x00007ff89d772000 	C:\WINDOWS\System32\KERNELBASE.dll
0x00007ff89e8a0000 - 0x00007ff89e94e000 	C:\WINDOWS\System32\ADVAPI32.dll
0x00007ff89e800000 - 0x00007ff89e89e000 	C:\WINDOWS\System32\msvcrt.dll
0x00007ff89f5e0000 - 0x00007ff89f67c000 	C:\WINDOWS\System32\sechost.dll
0x00007ff89f090000 - 0x00007ff89f1b4000 	C:\WINDOWS\System32\RPCRT4.dll
0x00007ff89da70000 - 0x00007ff89dc11000 	C:\WINDOWS\System32\USER32.dll
0x00007ff89d470000 - 0x00007ff89d492000 	C:\WINDOWS\System32\win32u.dll
0x00007ff89f050000 - 0x00007ff89f07b000 	C:\WINDOWS\System32\GDI32.dll
0x00007ff89d360000 - 0x00007ff89d46f000 	C:\WINDOWS\System32\gdi32full.dll
0x00007ff89d2c0000 - 0x00007ff89d35d000 	C:\WINDOWS\System32\msvcp_win.dll
0x00007ff89d1c0000 - 0x00007ff89d2c0000 	C:\WINDOWS\System32\ucrtbase.dll
0x00007ff88a6c0000 - 0x00007ff88a95a000 	C:\WINDOWS\WinSxS\amd64_microsoft.windows.common-controls_6595b64144ccf1df_6.0.19041.1110_none_60b5254171f9507e\COMCTL32.dll
0x00007ff89ea00000 - 0x00007ff89ea30000 	C:\WINDOWS\System32\IMM32.DLL
0x00007ff880020000 - 0x00007ff880035000 	C:\Users\Lars\.jdks\temurin-1.8.0_362\jre\bin\vcruntime140.dll
0x00007ff874390000 - 0x00007ff87442b000 	C:\Users\Lars\.jdks\temurin-1.8.0_362\jre\bin\msvcp140.dll
0x0000000060890000 - 0x00000000610e8000 	C:\Users\Lars\.jdks\temurin-1.8.0_362\jre\bin\server\jvm.dll
0x00007ff89f510000 - 0x00007ff89f518000 	C:\WINDOWS\System32\PSAPI.DLL
0x00007ff892ee0000 - 0x00007ff892f07000 	C:\WINDOWS\SYSTEM32\WINMM.dll
0x00007ff893180000 - 0x00007ff89318a000 	C:\WINDOWS\SYSTEM32\VERSION.dll
0x00007ff8861c0000 - 0x00007ff8861c9000 	C:\WINDOWS\SYSTEM32\WSOCK32.dll
0x00007ff89f1c0000 - 0x00007ff89f22b000 	C:\WINDOWS\System32\WS2_32.dll
0x00007ff89b890000 - 0x00007ff89b8a2000 	C:\WINDOWS\SYSTEM32\kernel.appcore.dll
0x00007ff880b10000 - 0x00007ff880b20000 	C:\Users\Lars\.jdks\temurin-1.8.0_362\jre\bin\verify.dll
0x00007ff875bf0000 - 0x00007ff875c1b000 	C:\Users\Lars\.jdks\temurin-1.8.0_362\jre\bin\java.dll
0x00007ff85f140000 - 0x00007ff85f170000 	C:\Users\Lars\.jdks\temurin-1.8.0_362\jre\bin\instrument.dll
0x00007ff8799f0000 - 0x00007ff879a08000 	C:\Users\Lars\.jdks\temurin-1.8.0_362\jre\bin\zip.dll
0x00007ff89dc20000 - 0x00007ff89e365000 	C:\WINDOWS\System32\SHELL32.dll
0x00007ff89acb0000 - 0x00007ff89b442000 	C:\WINDOWS\SYSTEM32\windows.storage.dll
0x00007ff89e370000 - 0x00007ff89e6c5000 	C:\WINDOWS\System32\combase.dll
0x00007ff89ca90000 - 0x00007ff89cac0000 	C:\WINDOWS\SYSTEM32\Wldp.dll
0x00007ff89e950000 - 0x00007ff89e9fd000 	C:\WINDOWS\System32\SHCORE.dll
0x00007ff89f890000 - 0x00007ff89f8e5000 	C:\WINDOWS\System32\shlwapi.dll
0x00007ff89cf70000 - 0x00007ff89cf8f000 	C:\WINDOWS\SYSTEM32\profapi.dll
0x00007ff86e810000 - 0x00007ff86e82a000 	D:\Program Files\JetBrains\IntelliJ IDEA Community Edition 2022.1\bin\breakgen64.dll
0x00007ff877b00000 - 0x00007ff877b1c000 	C:\Users\Lars\.jdks\temurin-1.8.0_362\jre\bin\net.dll
0x00007ff89c7f0000 - 0x00007ff89c85a000 	C:\WINDOWS\system32\mswsock.dll
0x00007ff89c9e0000 - 0x00007ff89c9f8000 	C:\WINDOWS\SYSTEM32\CRYPTSP.dll
0x00007ff89c0a0000 - 0x00007ff89c0d4000 	C:\WINDOWS\system32\rsaenh.dll
0x00007ff89d030000 - 0x00007ff89d057000 	C:\WINDOWS\System32\bcrypt.dll
0x00007ff89cf30000 - 0x00007ff89cf5e000 	C:\WINDOWS\SYSTEM32\USERENV.dll
0x00007ff89d7f0000 - 0x00007ff89d872000 	C:\WINDOWS\System32\bcryptprimitives.dll
0x00007ff89ca00000 - 0x00007ff89ca0c000 	C:\WINDOWS\SYSTEM32\CRYPTBASE.dll
0x00007ff89c490000 - 0x00007ff89c4cb000 	C:\WINDOWS\SYSTEM32\IPHLPAPI.DLL
0x00007ff89f880000 - 0x00007ff89f888000 	C:\WINDOWS\System32\NSI.dll
0x00007ff895e40000 - 0x00007ff895e57000 	C:\WINDOWS\SYSTEM32\dhcpcsvc6.DLL
0x00007ff896230000 - 0x00007ff89624d000 	C:\WINDOWS\SYSTEM32\dhcpcsvc.DLL
0x00007ff89c4e0000 - 0x00007ff89c5ab000 	C:\WINDOWS\SYSTEM32\DNSAPI.dll
0x00007ff876680000 - 0x00007ff876693000 	C:\Users\Lars\.jdks\temurin-1.8.0_362\jre\bin\nio.dll
0x00007ff87df90000 - 0x00007ff87df9a000 	C:\Users\Lars\AppData\Local\Temp\jansi-1.17.1-230569617497605042.dll
0x00007ff877600000 - 0x00007ff87760a000 	C:\Users\Lars\AppData\Local\Temp\jansi-1.17.1-2460859923549298983.dll

VM Arguments:
jvm_args: -Dmaven.multiModuleProjectDirectory=D:\Lars\Coding\Importonats -Dmaven.home=D:\Program Files\JetBrains\IntelliJ IDEA Community Edition 2022.1\plugins\maven\lib\maven3 -Dclassworlds.conf=D:\Program Files\JetBrains\IntelliJ IDEA Community Edition 2022.1\plugins\maven\lib\maven3\bin\m2.conf -Dmaven.ext.class.path=D:\Program Files\JetBrains\IntelliJ IDEA Community Edition 2022.1\plugins\maven\lib\maven-event-listener.jar -javaagent:D:\Program Files\JetBrains\IntelliJ IDEA Community Edition 2022.1\lib\idea_rt.jar=61530:D:\Program Files\JetBrains\IntelliJ IDEA Community Edition 2022.1\bin -Dfile.encoding=UTF-8 
java_command: org.codehaus.classworlds.Launcher -Didea.version=2022.1 install
java_class_path (initial): D:\Program Files\JetBrains\IntelliJ IDEA Community Edition 2022.1\plugins\maven\lib\maven3\boot\plexus-classworlds-2.6.0.jar;D:\Program Files\JetBrains\IntelliJ IDEA Community Edition 2022.1\plugins\maven\lib\maven3\boot\plexus-classworlds.license;D:\Program Files\JetBrains\IntelliJ IDEA Community Edition 2022.1\lib\idea_rt.jar
Launcher Type: SUN_STANDARD

Environment Variables:
JAVA_HOME=C:\Users\Lars\.jdks\openjdk-17.0.1\bin
PATH=C:\Users\Lars\.jdks\openjdk-17.0.1\bin;C:\Program Files (x86)\Razer Chroma SDK\bin;C:\Program Files\Razer Chroma SDK\bin;C:\Program Files (x86)\Razer\ChromaBroadcast\bin;C:\Program Files\Razer\ChromaBroadcast\bin;C:\Program Files (x86)\Common Files\Oracle\Java\javapath;C:\Windows\system32;C:\Windows;C:\Windows\System32\Wbem;C:\Windows\System32\WindowsPowerShell\v1.0\;C:\Windows\System32\OpenSSH\;C:\Program Files\NVIDIA Corporation\NVIDIA NvDLISR;D:\Program Files\PuTTY\;C:\Windows\system32\config\systemprofile\AppData\Local\Microsoft\WindowsApps;C:\Program Files (x86)\NVIDIA Corporation\PhysX\Common;C:\Program Files\dotnet\;D:\Program Files\WorldPainter;C:\WINDOWS\system32;C:\WINDOWS;C:\WINDOWS\System32\Wbem;C:\WINDOWS\System32\WindowsPowerShell\v1.0\;C:\WINDOWS\System32\OpenSSH\;D:\Program Files\Git\cmd;C:\ProgramData\chocolatey\bin;C:\Users\Lars\AppData\Local\Microsoft\WindowsApps;D:\Program Files\JetBrains\PyCharm Community Edition 2021.2\bin;;D:\Users\Lars\AppData\Local\Programs\Microsoft VS Code\bin
USERNAME=Lars
OS=Windows_NT
PROCESSOR_IDENTIFIER=AMD64 Family 25 Model 80 Stepping 0, AuthenticAMD



---------------  S Y S T E M  ---------------

OS: Windows 10 , 64 bit Build 19041 (10.0.19041.2546)

CPU:total 16 (initial active 16) (16 cores per cpu, 1 threads per core) family 25 model 80 stepping 0, cmov, cx8, fxsr, mmx, sse, sse2, sse3, ssse3, sse4.1, sse4.2, popcnt, avx, avx2, aes, clmul, erms, mmxext, 3dnowpref, lzcnt, sse4a, tsc, tscinvbit, tscinv, bmi1

Memory: 4k page, physical 29250652k(13609216k free), swap 34620068k(5700k free)

vm_info: OpenJDK 64-Bit Server VM (25.362-b09) for windows-amd64 JRE (1.8.0_362-b09), built on Jan 18 2023 17:11:58 by "jenkins" with MS VC++ 15.9 (VS2017)

time: Mon Mar 27 17:28:55 2023
timezone: Mitteleuropäische Sommerzeit
elapsed time: 1.160006 seconds (0d 0h 0m 1s)

