#
# There is insufficient memory for the Java Runtime Environment to continue.
# Native memory allocation (malloc) failed to allocate 32744 bytes for ChunkPool::allocate
# Possible reasons:
#   The system is out of physical RAM or swap space
#   The process is running with CompressedOops enabled, and the Java Heap may be blocking the growth of the native heap
# Possible solutions:
#   Reduce memory load on the system
#   Increase physical memory or swap space
#   Check if swap backing store is full
#   Decrease Java heap size (-Xmx/-Xms)
#   Decrease number of Java threads
#   Decrease Java thread stack sizes (-Xss)
#   Set larger code cache with -XX:ReservedCodeCacheSize=
#   JVM is running with Zero Based Compressed Oops mode in which the Java heap is
#     placed in the first 32GB address space. The Java Heap base address is the
#     maximum limit for the native heap growth. Please use -XX:HeapBaseMinAddress
#     to set the Java Heap base and to place the Java Heap above 32GB virtual address.
# This output file may be truncated or incomplete.
#
#  Out of Memory Error (allocation.cpp:272), pid=25328, tid=0x00000000000059b8
#
# JRE version: OpenJDK Runtime Environment (8.0_362-b09) (build 1.8.0_362-b09)
# Java VM: OpenJDK 64-Bit Server VM (25.362-b09 mixed mode windows-amd64 compressed oops)
# Failed to write core dump. Minidumps are not enabled by default on client versions of Windows
#

---------------  T H R E A D  ---------------

Current thread (0x00000217a9fa4000):  JavaThread "C1 CompilerThread9" daemon [_thread_in_native, id=22968, stack(0x000000fafaa00000,0x000000fafab00000)]

Stack: [0x000000fafaa00000,0x000000fafab00000]
[error occurred during error reporting (printing stack bounds), id 0xc0000005]

Native frames: (J=compiled Java code, j=interpreted, Vv=VM code, C=native code)


Current CompileTask:
C1:    128  123   !   3       java.nio.charset.CharsetDecoder::decode (287 bytes)


---------------  P R O C E S S  ---------------

Java Threads: ( => current thread )
  0x00000217aa076800 JavaThread "Service Thread" daemon [_thread_blocked, id=13876, stack(0x000000fafad00000,0x000000fafae00000)]
  0x00000217a9fa1800 JavaThread "C1 CompilerThread11" daemon [_thread_blocked, id=17520, stack(0x000000fafac00000,0x000000fafad00000)]
  0x00000217a9fa1000 JavaThread "C1 CompilerThread10" daemon [_thread_blocked, id=14436, stack(0x000000fafab00000,0x000000fafac00000)]
=>0x00000217a9fa4000 JavaThread "C1 CompilerThread9" daemon [_thread_in_native, id=22968, stack(0x000000fafaa00000,0x000000fafab00000)]
  0x00000217a9fa6800 JavaThread "C1 CompilerThread8" daemon [_thread_in_native, id=2032, stack(0x000000fafa900000,0x000000fafaa00000)]
  0x00000217a9fa4800 JavaThread "C2 CompilerThread7" daemon [_thread_blocked, id=17128, stack(0x000000fafa800000,0x000000fafa900000)]
  0x00000217a9fa0000 JavaThread "C2 CompilerThread6" daemon [_thread_blocked, id=19468, stack(0x000000fafa700000,0x000000fafa800000)]
  0x00000217a9fa5800 JavaThread "C2 CompilerThread5" daemon [_thread_blocked, id=25256, stack(0x000000fafa600000,0x000000fafa700000)]
  0x00000217a9f98000 JavaThread "C2 CompilerThread4" daemon [_thread_blocked, id=18748, stack(0x000000fafa500000,0x000000fafa600000)]
  0x00000217a9f90000 JavaThread "C2 CompilerThread3" daemon [_thread_blocked, id=3344, stack(0x000000fafa400000,0x000000fafa500000)]
  0x00000217a9f8f000 JavaThread "C2 CompilerThread2" daemon [_thread_blocked, id=7716, stack(0x000000fafa300000,0x000000fafa400000)]
  0x00000217a9f8b000 JavaThread "C2 CompilerThread1" daemon [_thread_blocked, id=21712, stack(0x000000fafa200000,0x000000fafa300000)]
  0x00000217a9f89000 JavaThread "C2 CompilerThread0" daemon [_thread_blocked, id=26524, stack(0x000000fafa100000,0x000000fafa200000)]
  0x00000217a9f85800 JavaThread "Monitor Ctrl-Break" daemon [_thread_in_native, id=24036, stack(0x000000fafa000000,0x000000fafa100000)]
  0x00000217a9f01000 JavaThread "Attach Listener" daemon [_thread_blocked, id=22724, stack(0x000000faf9f00000,0x000000fafa000000)]
  0x00000217a9efb800 JavaThread "Signal Dispatcher" daemon [_thread_blocked, id=8816, stack(0x000000faf9e00000,0x000000faf9f00000)]
  0x00000217a71d6800 JavaThread "Finalizer" daemon [_thread_blocked, id=14608, stack(0x000000faf9d00000,0x000000faf9e00000)]
  0x00000217a71cb800 JavaThread "Reference Handler" daemon [_thread_blocked, id=16972, stack(0x000000faf9c00000,0x000000faf9d00000)]
  0x000002178545a000 JavaThread "main" [_thread_in_native, id=12028, stack(0x000000faf8d00000,0x000000faf8e00000)]

Other Threads:
  0x00000217a71b8800 VMThread [stack: 0x000000faf9b00000,0x000000faf9c00000] [id=12512]
  0x00000217aa07c800 WatcherThread [stack: 0x000000fafae00000,0x000000fafaf00000] [id=22320]

VM state:not at safepoint (normal execution)

VM Mutex/Monitor currently owned by a thread: None

heap address: 0x0000000601a00000, size: 7142 MB, Compressed Oops mode: Zero based, Oop shift amount: 3
Narrow klass base: 0x0000000000000000, Narrow klass shift: 3
Compressed class space size: 1073741824 Address: 0x00000007c0000000

Heap:
 PSYoungGen      total 133632K, used 11468K [0x000000072b380000, 0x0000000734880000, 0x00000007c0000000)
  eden space 114688K, 10% used [0x000000072b380000,0x000000072beb3380,0x0000000732380000)
  from space 18944K, 0% used [0x0000000733600000,0x0000000733600000,0x0000000734880000)
  to   space 18944K, 0% used [0x0000000732380000,0x0000000732380000,0x0000000733600000)
 ParOldGen       total 306176K, used 0K [0x0000000601a00000, 0x0000000614500000, 0x000000072b380000)
  object space 306176K, 0% used [0x0000000601a00000,0x0000000601a00000,0x0000000614500000)
 Metaspace       used 3585K, capacity 4670K, committed 4864K, reserved 1056768K
  class space    used 383K, capacity 426K, committed 512K, reserved 1048576K

Card table byte_map: [0x0000021796260000,0x0000021797060000] byte_map_base: 0x0000021793253000

Marking Bits: (ParMarkBitMap*) 0x000000006f29f7f0
 Begin Bits: [0x00000217979b0000, 0x000002179e948000)
 End Bits:   [0x000002179e948000, 0x00000217a58e0000)

Polling page: 0x00000217855c0000

CodeCache: size=245760Kb used=3010Kb max_used=3020Kb free=242749Kb
 bounds [0x0000021786ea0000, 0x00000217871a0000, 0x0000021795ea0000]
 total_blobs=399 nmethods=137 adapters=173
 compilation: enabled

Compilation events (10 events):
Event: 0.126 Thread 0x00000217a9fa1000 nmethod 125 0x0000021787186d90 code [0x0000021787186ee0, 0x00000217871870d8]
Event: 0.126 Thread 0x00000217a9fa1000  126       3       java.nio.CharBuffer::array (35 bytes)
Event: 0.126 Thread 0x00000217a9fa1000 nmethod 126 0x000002178718bd90 code [0x000002178718bf20, 0x000002178718c1e0]
Event: 0.126 Thread 0x00000217a9fa1000  127       3       java.nio.charset.CoderResult::isOverflow (14 bytes)
Event: 0.126 Thread 0x00000217a9fa1000 nmethod 127 0x0000021787186a10 code [0x0000021787186b60, 0x0000021787186d18]
Event: 0.126 Thread 0x00000217a9fa1000  128       3       sun.nio.cs.UTF_8$Decoder::decodeLoop (28 bytes)
Event: 0.127 Thread 0x00000217a9fa1000 nmethod 128 0x000002178718b550 code [0x000002178718b6e0, 0x000002178718bc20]
Event: 0.127 Thread 0x00000217a9fa1000  121       3       java.nio.HeapByteBuffer::ix (7 bytes)
Event: 0.127 Thread 0x00000217a9fa1000 nmethod 121 0x000002178718b210 code [0x000002178718b360, 0x000002178718b4b8]
Event: 0.127 Thread 0x00000217a9fa1000  122       3       java.nio.Buffer::hasRemaining (17 bytes)

GC Heap History (0 events):
No events

Deoptimization events (0 events):
No events

Classes redefined (0 events):
No events

Internal exceptions (5 events):
Event: 0.025 Thread 0x000002178545a000 Exception <a 'java/lang/NoSuchMethodError': Method sun.misc.Unsafe.defineClass(Ljava/lang/String;[BII)Ljava/lang/Class; name or signature does not match> (0x000000072b387cd8) thrown at [J:\jenkins\tmp\workspace\build\src\hotspot\src\share\vm\prims\jni.cpp
Event: 0.026 Thread 0x000002178545a000 Exception <a 'java/lang/NoSuchMethodError': Method sun.misc.Unsafe.prefetchRead(Ljava/lang/Object;J)V name or signature does not match> (0x000000072b387fc0) thrown at [J:\jenkins\tmp\workspace\build\src\hotspot\src\share\vm\prims\jni.cpp, line 4012]
Event: 0.075 Thread 0x000002178545a000 Exception <a 'java/util/zip/ZipException'> (0x000000072b4106e0) thrown at [J:\jenkins\tmp\workspace\build\src\hotspot\src\share\vm\prims\jni.cpp, line 709]
Event: 0.075 Thread 0x000002178545a000 Exception <a 'java/security/PrivilegedActionException'> (0x000000072b410e18) thrown at [J:\jenkins\tmp\workspace\build\src\hotspot\src\share\vm\prims\jvm.cpp, line 1514]
Event: 0.075 Thread 0x000002178545a000 Exception <a 'java/security/PrivilegedActionException'> (0x000000072b411028) thrown at [J:\jenkins\tmp\workspace\build\src\hotspot\src\share\vm\prims\jvm.cpp, line 1514]

Events (10 events):
Event: 0.106 loading class java/util/TreeMap$PrivateEntryIterator done
Event: 0.106 loading class java/util/TreeMap$KeyIterator done
Event: 0.106 loading class sun/misc/URLClassPath$FileLoader
Event: 0.106 loading class sun/misc/URLClassPath$FileLoader done
Event: 0.123 loading class org/apache/maven/exception/ExceptionHandler
Event: 0.123 loading class org/apache/maven/exception/ExceptionHandler done
Event: 0.124 loading class org/apache/maven/cli/MavenCli$ExitException
Event: 0.124 loading class org/apache/maven/cli/MavenCli$ExitException done
Event: 0.125 loading class org/codehaus/plexus/PlexusContainer
Event: 0.125 loading class org/codehaus/plexus/PlexusContainer done


Dynamic libraries:
0x00007ff7bd7c0000 - 0x00007ff7bd805000 	C:\Users\Lars\.jdks\temurin-1.8.0_362\bin\java.exe
0x00007ffb957d0000 - 0x00007ffb959c8000 	C:\WINDOWS\SYSTEM32\ntdll.dll
0x00007ffb64dc0000 - 0x00007ffb64dd9000 	D:\Program Files\Avast Software\Avast\aswhook.dll
0x00007ffb94090000 - 0x00007ffb9414f000 	C:\WINDOWS\System32\KERNEL32.DLL
0x00007ffb93370000 - 0x00007ffb93642000 	C:\WINDOWS\System32\KERNELBASE.dll
0x00007ffb95630000 - 0x00007ffb956de000 	C:\WINDOWS\System32\ADVAPI32.dll
0x00007ffb93e40000 - 0x00007ffb93ede000 	C:\WINDOWS\System32\msvcrt.dll
0x00007ffb93820000 - 0x00007ffb938bc000 	C:\WINDOWS\System32\sechost.dll
0x00007ffb942c0000 - 0x00007ffb943e4000 	C:\WINDOWS\System32\RPCRT4.dll
0x00007ffb95120000 - 0x00007ffb952c1000 	C:\WINDOWS\System32\USER32.dll
0x00007ffb92ed0000 - 0x00007ffb92ef2000 	C:\WINDOWS\System32\win32u.dll
0x00007ffb94680000 - 0x00007ffb946ab000 	C:\WINDOWS\System32\GDI32.dll
0x00007ffb93650000 - 0x00007ffb9375f000 	C:\WINDOWS\System32\gdi32full.dll
0x00007ffb932d0000 - 0x00007ffb9336d000 	C:\WINDOWS\System32\msvcp_win.dll
0x00007ffb92f90000 - 0x00007ffb93090000 	C:\WINDOWS\System32\ucrtbase.dll
0x00007ffb7f130000 - 0x00007ffb7f3ca000 	C:\WINDOWS\WinSxS\amd64_microsoft.windows.common-controls_6595b64144ccf1df_6.0.19041.1110_none_60b5254171f9507e\COMCTL32.dll
0x00007ffb93e10000 - 0x00007ffb93e40000 	C:\WINDOWS\System32\IMM32.DLL
0x00007ffb6f0e0000 - 0x00007ffb6f0f5000 	C:\Users\Lars\.jdks\temurin-1.8.0_362\jre\bin\vcruntime140.dll
0x00007ffb6b680000 - 0x00007ffb6b71b000 	C:\Users\Lars\.jdks\temurin-1.8.0_362\jre\bin\msvcp140.dll
0x000000006eac0000 - 0x000000006f318000 	C:\Users\Lars\.jdks\temurin-1.8.0_362\jre\bin\server\jvm.dll
0x00007ffb941d0000 - 0x00007ffb941d8000 	C:\WINDOWS\System32\PSAPI.DLL
0x00007ffb8b490000 - 0x00007ffb8b49a000 	C:\WINDOWS\SYSTEM32\VERSION.dll
0x00007ffb870c0000 - 0x00007ffb870e7000 	C:\WINDOWS\SYSTEM32\WINMM.dll
0x00007ffb7f5a0000 - 0x00007ffb7f5a9000 	C:\WINDOWS\SYSTEM32\WSOCK32.dll
0x00007ffb94160000 - 0x00007ffb941cb000 	C:\WINDOWS\System32\WS2_32.dll
0x00007ffb91740000 - 0x00007ffb91752000 	C:\WINDOWS\SYSTEM32\kernel.appcore.dll
0x00007ffb74790000 - 0x00007ffb747a0000 	C:\Users\Lars\.jdks\temurin-1.8.0_362\jre\bin\verify.dll
0x00007ffb6c140000 - 0x00007ffb6c16b000 	C:\Users\Lars\.jdks\temurin-1.8.0_362\jre\bin\java.dll
0x00007ffb6bb30000 - 0x00007ffb6bb60000 	C:\Users\Lars\.jdks\temurin-1.8.0_362\jre\bin\instrument.dll
0x00007ffb6cb00000 - 0x00007ffb6cb18000 	C:\Users\Lars\.jdks\temurin-1.8.0_362\jre\bin\zip.dll
0x00007ffb946b0000 - 0x00007ffb94df5000 	C:\WINDOWS\System32\SHELL32.dll
0x00007ffb90f90000 - 0x00007ffb91722000 	C:\WINDOWS\SYSTEM32\windows.storage.dll
0x00007ffb952d0000 - 0x00007ffb95625000 	C:\WINDOWS\System32\combase.dll
0x00007ffb92930000 - 0x00007ffb92960000 	C:\WINDOWS\SYSTEM32\Wldp.dll
0x00007ffb94e60000 - 0x00007ffb94f0d000 	C:\WINDOWS\System32\SHCORE.dll
0x00007ffb938c0000 - 0x00007ffb93915000 	C:\WINDOWS\System32\shlwapi.dll
0x00007ffb92e10000 - 0x00007ffb92e2f000 	C:\WINDOWS\SYSTEM32\profapi.dll
0x00007ffb6bb10000 - 0x00007ffb6bb2a000 	D:\Program Files\JetBrains\IntelliJ IDEA Community Edition 2022.1\bin\breakgen64.dll
0x00007ffb6c120000 - 0x00007ffb6c13c000 	C:\Users\Lars\.jdks\temurin-1.8.0_362\jre\bin\net.dll
0x00007ffb92690000 - 0x00007ffb926fa000 	C:\WINDOWS\system32\mswsock.dll

VM Arguments:
jvm_args: -Dmaven.multiModuleProjectDirectory=D:\Lars\Coding\Importonats -Dmaven.home=D:\Program Files\JetBrains\IntelliJ IDEA Community Edition 2022.1\plugins\maven\lib\maven3 -Dclassworlds.conf=D:\Program Files\JetBrains\IntelliJ IDEA Community Edition 2022.1\plugins\maven\lib\maven3\bin\m2.conf -Dmaven.ext.class.path=D:\Program Files\JetBrains\IntelliJ IDEA Community Edition 2022.1\plugins\maven\lib\maven-event-listener.jar -javaagent:D:\Program Files\JetBrains\IntelliJ IDEA Community Edition 2022.1\lib\idea_rt.jar=57782:D:\Program Files\JetBrains\IntelliJ IDEA Community Edition 2022.1\bin -Dfile.encoding=UTF-8 
java_command: org.codehaus.classworlds.Launcher -Didea.version=2022.1 install
java_class_path (initial): D:\Program Files\JetBrains\IntelliJ IDEA Community Edition 2022.1\plugins\maven\lib\maven3\boot\plexus-classworlds-2.6.0.jar;D:\Program Files\JetBrains\IntelliJ IDEA Community Edition 2022.1\plugins\maven\lib\maven3\boot\plexus-classworlds.license;D:\Program Files\JetBrains\IntelliJ IDEA Community Edition 2022.1\lib\idea_rt.jar
Launcher Type: SUN_STANDARD

Environment Variables:
JAVA_HOME=C:\Users\Lars\.jdks\openjdk-17.0.1\bin
PATH=C:\Users\Lars\.jdks\openjdk-17.0.1\bin;C:\Program Files (x86)\Razer Chroma SDK\bin;C:\Program Files\Razer Chroma SDK\bin;C:\Program Files (x86)\Razer\ChromaBroadcast\bin;C:\Program Files\Razer\ChromaBroadcast\bin;C:\Program Files (x86)\Common Files\Oracle\Java\javapath;C:\Windows\system32;C:\Windows;C:\Windows\System32\Wbem;C:\Windows\System32\WindowsPowerShell\v1.0\;C:\Windows\System32\OpenSSH\;C:\Program Files\NVIDIA Corporation\NVIDIA NvDLISR;D:\Program Files\PuTTY\;C:\Windows\system32\config\systemprofile\AppData\Local\Microsoft\WindowsApps;C:\Program Files (x86)\NVIDIA Corporation\PhysX\Common;C:\Program Files\dotnet\;D:\Program Files\WorldPainter;C:\WINDOWS\system32;C:\WINDOWS;C:\WINDOWS\System32\Wbem;C:\WINDOWS\System32\WindowsPowerShell\v1.0\;C:\WINDOWS\System32\OpenSSH\;D:\Program Files\Git\cmd;C:\ProgramData\chocolatey\bin;C:\Users\Lars\AppData\Local\Microsoft\WindowsApps;D:\Program Files\JetBrains\PyCharm Community Edition 2021.2\bin;;D:\Users\Lars\AppData\Local\Programs\Microsoft VS Code\bin
USERNAME=Lars
OS=Windows_NT
PROCESSOR_IDENTIFIER=AMD64 Family 25 Model 80 Stepping 0, AuthenticAMD



---------------  S Y S T E M  ---------------

OS: Windows 10 , 64 bit Build 19041 (10.0.19041.2546)

CPU:total 16 (initial active 16) (16 cores per cpu, 1 threads per core) family 25 model 80 stepping 0, cmov, cx8, fxsr, mmx, sse, sse2, sse3, ssse3, sse4.1, sse4.2, popcnt, avx, avx2, aes, clmul, erms, mmxext, 3dnowpref, lzcnt, sse4a, tsc, tscinvbit, tscinv, bmi1

Memory: 4k page, physical 29250652k(14330820k free), swap 34705384k(5124k free)

vm_info: OpenJDK 64-Bit Server VM (25.362-b09) for windows-amd64 JRE (1.8.0_362-b09), built on Jan 18 2023 17:11:58 by "jenkins" with MS VC++ 15.9 (VS2017)

time: Mon Mar 27 13:02:46 2023
timezone: Mitteleuropäische Sommerzeit
elapsed time: 0.132617 seconds (0d 0h 0m 0s)

